#-----------------------------------------------------------
# Vivado v2018.3 (64-bit)
# SW Build 2405991 on Thu Dec  6 23:38:27 MST 2018
# IP Build 2404404 on Fri Dec  7 01:43:56 MST 2018
# Start of session at: Mon Nov  3 20:16:43 2025
# Process ID: 3352
# Current directory: C:/Users/22678/Desktop/FUBEN/acx720_audio_loopback_slave
# Command line: vivado.exe -gui_launcher_event rodinguilauncherevent7296 C:\Users\22678\Desktop\FUBEN\acx720_audio_loopback_slave\acx720_audio_loopback_slave.xpr
# Log file: C:/Users/22678/Desktop/FUBEN/acx720_audio_loopback_slave/vivado.log
# Journal file: C:/Users/22678/Desktop/FUBEN/acx720_audio_loopback_slave\vivado.jou
#-----------------------------------------------------------
start_gui
open_project C:/Users/22678/Desktop/FUBEN/acx720_audio_loopback_slave/acx720_audio_loopback_slave.xpr
INFO: [Project 1-313] Project file moved from 'C:/Users/22678/Desktop/acx720_audio_loopback_slave/acx720_audio_loopback_slave' since last save.
Scanning sources...
Finished scanning sources
INFO: [IP_Flow 19-234] Refreshing IP repositories
INFO: [IP_Flow 19-1704] No user IP repositories specified
INFO: [IP_Flow 19-2313] Loaded Vivado IP repository 'D:/AMD/Vivado2018.3/anzhuang/Vivado/2018.3/data/ip'.
open_project: Time (s): cpu = 00:00:10 ; elapsed = 00:00:06 . Memory (MB): peak = 820.801 ; gain = 192.965
update_compile_order -fileset sources_1
close [ open C:/Users/22678/Desktop/FUBEN/acx720_audio_loopback_slave/acx720_audio_loopback_slave.srcs/sources_1/new/uart_byte_rx.v w ]
add_files C:/Users/22678/Desktop/FUBEN/acx720_audio_loopback_slave/acx720_audio_loopback_slave.srcs/sources_1/new/uart_byte_rx.v
update_compile_order -fileset sources_1
reset_run synth_2
launch_runs impl_2 -to_step write_bitstream -jobs 20
[Mon Nov  3 21:11:07 2025] Launched synth_2...
Run output will be captured here: C:/Users/22678/Desktop/FUBEN/acx720_audio_loopback_slave/acx720_audio_loopback_slave.runs/synth_2/runme.log
[Mon Nov  3 21:11:07 2025] Launched impl_2...
Run output will be captured here: C:/Users/22678/Desktop/FUBEN/acx720_audio_loopback_slave/acx720_audio_loopback_slave.runs/impl_2/runme.log
reset_run synth_2
launch_runs impl_2 -to_step write_bitstream -jobs 20
[Mon Nov  3 21:14:36 2025] Launched synth_2...
Run output will be captured here: C:/Users/22678/Desktop/FUBEN/acx720_audio_loopback_slave/acx720_audio_loopback_slave.runs/synth_2/runme.log
[Mon Nov  3 21:14:36 2025] Launched impl_2...
Run output will be captured here: C:/Users/22678/Desktop/FUBEN/acx720_audio_loopback_slave/acx720_audio_loopback_slave.runs/impl_2/runme.log
open_hw
connect_hw_server
INFO: [Labtools 27-2285] Connecting to hw_server url TCP:localhost:3121
open_hw_target
INFO: [Labtoolstcl 44-466] Opening hw_target localhost:3121/xilinx_tcf/Digilent/B17674A8ABCD
set_property PROGRAM.FILE {C:/Users/22678/Desktop/FUBEN/acx720_audio_loopback_slave/acx720_audio_loopback_slave.runs/impl_2/audio_lookback.bit} [get_hw_devices xc7a35t_0]
current_hw_device [get_hw_devices xc7a35t_0]
refresh_hw_device -update_hw_probes false [lindex [get_hw_devices xc7a35t_0] 0]
INFO: [Labtools 27-1434] Device xc7a35t (JTAG device index = 0) is programmed with a design that has no supported debug core(s) in it.
set_property PROBES.FILE {} [get_hw_devices xc7a35t_0]
set_property FULL_PROBES.FILE {} [get_hw_devices xc7a35t_0]
set_property PROGRAM.FILE {C:/Users/22678/Desktop/FUBEN/acx720_audio_loopback_slave/acx720_audio_loopback_slave.runs/impl_2/audio_lookback.bit} [get_hw_devices xc7a35t_0]
program_hw_devices [get_hw_devices xc7a35t_0]
INFO: [Labtools 27-3164] End of startup status: HIGH
refresh_hw_device [lindex [get_hw_devices xc7a35t_0] 0]
INFO: [Labtools 27-1434] Device xc7a35t (JTAG device index = 0) is programmed with a design that has no supported debug core(s) in it.
close_hw
reset_run synth_2
launch_runs impl_2 -to_step write_bitstream -jobs 20
[Mon Nov  3 21:35:20 2025] Launched synth_2...
Run output will be captured here: C:/Users/22678/Desktop/FUBEN/acx720_audio_loopback_slave/acx720_audio_loopback_slave.runs/synth_2/runme.log
[Mon Nov  3 21:35:20 2025] Launched impl_2...
Run output will be captured here: C:/Users/22678/Desktop/FUBEN/acx720_audio_loopback_slave/acx720_audio_loopback_slave.runs/impl_2/runme.log
open_hw
connect_hw_server
INFO: [Labtools 27-2285] Connecting to hw_server url TCP:localhost:3121
open_hw_target
INFO: [Labtoolstcl 44-466] Opening hw_target localhost:3121/xilinx_tcf/Digilent/B17674A8ABCD
set_property PROGRAM.FILE {C:/Users/22678/Desktop/FUBEN/acx720_audio_loopback_slave/acx720_audio_loopback_slave.runs/impl_2/audio_lookback.bit} [get_hw_devices xc7a35t_0]
current_hw_device [get_hw_devices xc7a35t_0]
refresh_hw_device -update_hw_probes false [lindex [get_hw_devices xc7a35t_0] 0]
INFO: [Labtools 27-1434] Device xc7a35t (JTAG device index = 0) is programmed with a design that has no supported debug core(s) in it.
set_property PROBES.FILE {} [get_hw_devices xc7a35t_0]
set_property FULL_PROBES.FILE {} [get_hw_devices xc7a35t_0]
set_property PROGRAM.FILE {C:/Users/22678/Desktop/FUBEN/acx720_audio_loopback_slave/acx720_audio_loopback_slave.runs/impl_2/audio_lookback.bit} [get_hw_devices xc7a35t_0]
program_hw_devices [get_hw_devices xc7a35t_0]
INFO: [Labtools 27-3164] End of startup status: HIGH
refresh_hw_device [lindex [get_hw_devices xc7a35t_0] 0]
INFO: [Labtools 27-1434] Device xc7a35t (JTAG device index = 0) is programmed with a design that has no supported debug core(s) in it.
close_hw
reset_run synth_2
launch_runs impl_2 -to_step write_bitstream -jobs 20
[Mon Nov  3 21:44:16 2025] Launched synth_2...
Run output will be captured here: C:/Users/22678/Desktop/FUBEN/acx720_audio_loopback_slave/acx720_audio_loopback_slave.runs/synth_2/runme.log
[Mon Nov  3 21:44:16 2025] Launched impl_2...
Run output will be captured here: C:/Users/22678/Desktop/FUBEN/acx720_audio_loopback_slave/acx720_audio_loopback_slave.runs/impl_2/runme.log
open_hw
connect_hw_server
INFO: [Labtools 27-2285] Connecting to hw_server url TCP:localhost:3121
INFO: [Labtools 27-2222] Launching hw_server...
INFO: [Labtools 27-2221] Launch Output:

****** Xilinx hw_server v2018.3
  **** Build date : Dec  7 2018-00:40:27
    ** Copyright 1986-2018 Xilinx, Inc. All Rights Reserved.


open_hw_target
INFO: [Labtoolstcl 44-466] Opening hw_target localhost:3121/xilinx_tcf/Digilent/B17674A8ABCD
set_property PROGRAM.FILE {C:/Users/22678/Desktop/FUBEN/acx720_audio_loopback_slave/acx720_audio_loopback_slave.runs/impl_2/audio_lookback.bit} [get_hw_devices xc7a35t_0]
current_hw_device [get_hw_devices xc7a35t_0]
refresh_hw_device -update_hw_probes false [lindex [get_hw_devices xc7a35t_0] 0]
INFO: [Labtools 27-1434] Device xc7a35t (JTAG device index = 0) is programmed with a design that has no supported debug core(s) in it.
set_property PROBES.FILE {} [get_hw_devices xc7a35t_0]
set_property FULL_PROBES.FILE {} [get_hw_devices xc7a35t_0]
set_property PROGRAM.FILE {C:/Users/22678/Desktop/FUBEN/acx720_audio_loopback_slave/acx720_audio_loopback_slave.runs/impl_2/audio_lookback.bit} [get_hw_devices xc7a35t_0]
program_hw_devices [get_hw_devices xc7a35t_0]
INFO: [Labtools 27-3164] End of startup status: HIGH
refresh_hw_device [lindex [get_hw_devices xc7a35t_0] 0]
INFO: [Labtools 27-1434] Device xc7a35t (JTAG device index = 0) is programmed with a design that has no supported debug core(s) in it.
close_hw
open_hw
connect_hw_server
INFO: [Labtools 27-2285] Connecting to hw_server url TCP:localhost:3121
INFO: [Labtools 27-2222] Launching hw_server...
INFO: [Labtools 27-2221] Launch Output:

****** Xilinx hw_server v2018.3
  **** Build date : Dec  7 2018-00:40:27
    ** Copyright 1986-2018 Xilinx, Inc. All Rights Reserved.


open_hw_target
INFO: [Labtoolstcl 44-466] Opening hw_target localhost:3121/xilinx_tcf/Digilent/B17674A8ABCD
set_property PROGRAM.FILE {C:/Users/22678/Desktop/FUBEN/acx720_audio_loopback_slave/acx720_audio_loopback_slave.runs/impl_2/audio_lookback.bit} [get_hw_devices xc7a35t_0]
current_hw_device [get_hw_devices xc7a35t_0]
refresh_hw_device -update_hw_probes false [lindex [get_hw_devices xc7a35t_0] 0]
INFO: [Labtools 27-1434] Device xc7a35t (JTAG device index = 0) is programmed with a design that has no supported debug core(s) in it.
set_property PROBES.FILE {} [get_hw_devices xc7a35t_0]
set_property FULL_PROBES.FILE {} [get_hw_devices xc7a35t_0]
set_property PROGRAM.FILE {C:/Users/22678/Desktop/FUBEN/acx720_audio_loopback_slave/acx720_audio_loopback_slave.runs/impl_2/audio_lookback.bit} [get_hw_devices xc7a35t_0]
program_hw_devices [get_hw_devices xc7a35t_0]
INFO: [Labtools 27-3164] End of startup status: HIGH
refresh_hw_device [lindex [get_hw_devices xc7a35t_0] 0]
INFO: [Labtools 27-1434] Device xc7a35t (JTAG device index = 0) is programmed with a design that has no supported debug core(s) in it.
close_hw
update_compile_order -fileset sources_1
update_compile_order -fileset sources_1
reset_run synth_2
launch_runs impl_2 -to_step write_bitstream -jobs 20
[Mon Nov  3 22:06:16 2025] Launched synth_2...
Run output will be captured here: C:/Users/22678/Desktop/FUBEN/acx720_audio_loopback_slave/acx720_audio_loopback_slave.runs/synth_2/runme.log
[Mon Nov  3 22:06:16 2025] Launched impl_2...
Run output will be captured here: C:/Users/22678/Desktop/FUBEN/acx720_audio_loopback_slave/acx720_audio_loopback_slave.runs/impl_2/runme.log
open_hw
connect_hw_server
INFO: [Labtools 27-2285] Connecting to hw_server url TCP:localhost:3121
INFO: [Labtools 27-2222] Launching hw_server...
INFO: [Labtools 27-2221] Launch Output:

****** Xilinx hw_server v2018.3
  **** Build date : Dec  7 2018-00:40:27
    ** Copyright 1986-2018 Xilinx, Inc. All Rights Reserved.


open_hw_target
INFO: [Labtoolstcl 44-466] Opening hw_target localhost:3121/xilinx_tcf/Digilent/B17674A8ABCD
set_property PROGRAM.FILE {C:/Users/22678/Desktop/FUBEN/acx720_audio_loopback_slave/acx720_audio_loopback_slave.runs/impl_2/audio_lookback.bit} [get_hw_devices xc7a35t_0]
current_hw_device [get_hw_devices xc7a35t_0]
refresh_hw_device -update_hw_probes false [lindex [get_hw_devices xc7a35t_0] 0]
INFO: [Labtools 27-1434] Device xc7a35t (JTAG device index = 0) is programmed with a design that has no supported debug core(s) in it.
set_property PROBES.FILE {} [get_hw_devices xc7a35t_0]
set_property FULL_PROBES.FILE {} [get_hw_devices xc7a35t_0]
set_property PROGRAM.FILE {C:/Users/22678/Desktop/FUBEN/acx720_audio_loopback_slave/acx720_audio_loopback_slave.runs/impl_2/audio_lookback.bit} [get_hw_devices xc7a35t_0]
program_hw_devices [get_hw_devices xc7a35t_0]
INFO: [Labtools 27-3164] End of startup status: HIGH
refresh_hw_device [lindex [get_hw_devices xc7a35t_0] 0]
INFO: [Labtools 27-1434] Device xc7a35t (JTAG device index = 0) is programmed with a design that has no supported debug core(s) in it.
set_property PROBES.FILE {} [get_hw_devices xc7a35t_0]
set_property FULL_PROBES.FILE {} [get_hw_devices xc7a35t_0]
set_property PROGRAM.FILE {C:/Users/22678/Desktop/FUBEN/acx720_audio_loopback_slave/acx720_audio_loopback_slave.runs/impl_2/audio_lookback.bit} [get_hw_devices xc7a35t_0]
program_hw_devices [get_hw_devices xc7a35t_0]
INFO: [Labtools 27-3164] End of startup status: HIGH
refresh_hw_device [lindex [get_hw_devices xc7a35t_0] 0]
INFO: [Labtools 27-1434] Device xc7a35t (JTAG device index = 0) is programmed with a design that has no supported debug core(s) in it.
close_hw
update_compile_order -fileset sources_1
update_compile_order -fileset sources_1
reset_run synth_2
launch_runs impl_2 -to_step write_bitstream -jobs 20
[Mon Nov  3 22:14:30 2025] Launched synth_2...
Run output will be captured here: C:/Users/22678/Desktop/FUBEN/acx720_audio_loopback_slave/acx720_audio_loopback_slave.runs/synth_2/runme.log
[Mon Nov  3 22:14:30 2025] Launched impl_2...
Run output will be captured here: C:/Users/22678/Desktop/FUBEN/acx720_audio_loopback_slave/acx720_audio_loopback_slave.runs/impl_2/runme.log
open_hw
connect_hw_server
INFO: [Labtools 27-2285] Connecting to hw_server url TCP:localhost:3121
open_hw_target
INFO: [Labtoolstcl 44-466] Opening hw_target localhost:3121/xilinx_tcf/Digilent/B17674A8ABCD
set_property PROGRAM.FILE {C:/Users/22678/Desktop/FUBEN/acx720_audio_loopback_slave/acx720_audio_loopback_slave.runs/impl_2/audio_lookback.bit} [get_hw_devices xc7a35t_0]
current_hw_device [get_hw_devices xc7a35t_0]
refresh_hw_device -update_hw_probes false [lindex [get_hw_devices xc7a35t_0] 0]
INFO: [Labtools 27-1434] Device xc7a35t (JTAG device index = 0) is programmed with a design that has no supported debug core(s) in it.
set_property PROBES.FILE {} [get_hw_devices xc7a35t_0]
set_property FULL_PROBES.FILE {} [get_hw_devices xc7a35t_0]
set_property PROGRAM.FILE {C:/Users/22678/Desktop/FUBEN/acx720_audio_loopback_slave/acx720_audio_loopback_slave.runs/impl_2/audio_lookback.bit} [get_hw_devices xc7a35t_0]
program_hw_devices [get_hw_devices xc7a35t_0]
INFO: [Labtools 27-3164] End of startup status: HIGH
refresh_hw_device [lindex [get_hw_devices xc7a35t_0] 0]
INFO: [Labtools 27-1434] Device xc7a35t (JTAG device index = 0) is programmed with a design that has no supported debug core(s) in it.
exit
INFO: [Common 17-206] Exiting Vivado at Mon Nov  3 22:23:48 2025...
