
*** Running vivado
    with args -log audio_lookback.vds -m64 -product Vivado -mode batch -messageDb vivado.pb -notrace -source audio_lookback.tcl


****** Vivado v2018.3 (64-bit)
  **** SW Build 2405991 on Thu Dec  6 23:38:27 MST 2018
  **** IP Build 2404404 on Fri Dec  7 01:43:56 MST 2018
    ** Copyright 1986-2018 Xilinx, Inc. All Rights Reserved.

source audio_lookback.tcl -notrace
Command: synth_design -top audio_lookback -part xc7a200tfbg484-2
Starting synth_design
Attempting to get a license for feature 'Synthesis' and/or device 'xc7a200t'
INFO: [Common 17-349] Got license for feature 'Synthesis' and/or device 'xc7a200t'
INFO: Launching helper process for spawning children vivado processes
INFO: Helper process launched with PID 37344 
WARNING: [Synth 8-2507] parameter declaration becomes local in i2s_rx with formal parameter declaration list [C:/Users/Administrator/Desktop/acx720_audio_loopback_slave/acx720_audio_loopback_slave/src/i2s/i2s_rx.v:16]
WARNING: [Synth 8-2507] parameter declaration becomes local in i2s_rx with formal parameter declaration list [C:/Users/Administrator/Desktop/acx720_audio_loopback_slave/acx720_audio_loopback_slave/src/i2s/i2s_rx.v:17]
WARNING: [Synth 8-2507] parameter declaration becomes local in i2s_rx with formal parameter declaration list [C:/Users/Administrator/Desktop/acx720_audio_loopback_slave/acx720_audio_loopback_slave/src/i2s/i2s_rx.v:18]
WARNING: [Synth 8-2507] parameter declaration becomes local in i2s_rx with formal parameter declaration list [C:/Users/Administrator/Desktop/acx720_audio_loopback_slave/acx720_audio_loopback_slave/src/i2s/i2s_rx.v:19]
WARNING: [Synth 8-2507] parameter declaration becomes local in i2s_tx with formal parameter declaration list [C:/Users/Administrator/Desktop/acx720_audio_loopback_slave/acx720_audio_loopback_slave/src/i2s/i2s_tx.v:17]
WARNING: [Synth 8-2507] parameter declaration becomes local in i2s_tx with formal parameter declaration list [C:/Users/Administrator/Desktop/acx720_audio_loopback_slave/acx720_audio_loopback_slave/src/i2s/i2s_tx.v:18]
WARNING: [Synth 8-2507] parameter declaration becomes local in i2s_tx with formal parameter declaration list [C:/Users/Administrator/Desktop/acx720_audio_loopback_slave/acx720_audio_loopback_slave/src/i2s/i2s_tx.v:19]
---------------------------------------------------------------------------------
Starting RTL Elaboration : Time (s): cpu = 00:00:00 ; elapsed = 00:00:01 . Memory (MB): peak = 504.547 ; gain = 107.902
---------------------------------------------------------------------------------
INFO: [Synth 8-6157] synthesizing module 'audio_lookback' [C:/Users/Administrator/Desktop/acx720_audio_loopback_slave/acx720_audio_loopback_slave/src/top/audio_lookback.v:1]
	Parameter DATA_WIDTH bound to: 32 - type: integer 
WARNING: [Synth 8-4446] all outputs are unconnected for this instance and logic may be removed [C:/Users/Administrator/Desktop/acx720_audio_loopback_slave/acx720_audio_loopback_slave/src/top/audio_lookback.v:15]
INFO: [Synth 8-6157] synthesizing module 'ila_0' [C:/Users/Administrator/Desktop/acx720_audio_loopback_slave/acx720_audio_loopback_slave/acx720_audio_loopback_slave.runs/synth_1/.Xil/Vivado-34028-DESKTOP-CJIIOBE/realtime/ila_0_stub.v:6]
INFO: [Synth 8-6155] done synthesizing module 'ila_0' (1#1) [C:/Users/Administrator/Desktop/acx720_audio_loopback_slave/acx720_audio_loopback_slave/acx720_audio_loopback_slave.runs/synth_1/.Xil/Vivado-34028-DESKTOP-CJIIOBE/realtime/ila_0_stub.v:6]
INFO: [Synth 8-6157] synthesizing module 'clk_wiz_0' [C:/Users/Administrator/Desktop/acx720_audio_loopback_slave/acx720_audio_loopback_slave/acx720_audio_loopback_slave.runs/synth_1/.Xil/Vivado-34028-DESKTOP-CJIIOBE/realtime/clk_wiz_0_stub.v:5]
INFO: [Synth 8-6155] done synthesizing module 'clk_wiz_0' (2#1) [C:/Users/Administrator/Desktop/acx720_audio_loopback_slave/acx720_audio_loopback_slave/acx720_audio_loopback_slave.runs/synth_1/.Xil/Vivado-34028-DESKTOP-CJIIOBE/realtime/clk_wiz_0_stub.v:5]
INFO: [Synth 8-6157] synthesizing module 'clk_div4' [C:/Users/Administrator/Desktop/acx720_audio_loopback_slave/acx720_audio_loopback_slave/acx720_audio_loopback_slave.srcs/sources_1/new/clk_div4.v:1]
INFO: [Synth 8-6155] done synthesizing module 'clk_div4' (3#1) [C:/Users/Administrator/Desktop/acx720_audio_loopback_slave/acx720_audio_loopback_slave/acx720_audio_loopback_slave.srcs/sources_1/new/clk_div4.v:1]
INFO: [Synth 8-6157] synthesizing module 'es8388_Init' [C:/Users/Administrator/Desktop/acx720_audio_loopback_slave/acx720_audio_loopback_slave/src/es8388_Init/es8388_Init.v:17]
INFO: [Synth 8-6157] synthesizing module 'I2C_Init_Dev' [C:/Users/Administrator/Desktop/acx720_audio_loopback_slave/acx720_audio_loopback_slave/src/es8388_Init/I2C_Init_Dev.v:16]
INFO: [Synth 8-6157] synthesizing module 'es8388_init_table' [C:/Users/Administrator/Desktop/acx720_audio_loopback_slave/acx720_audio_loopback_slave/src/es8388_Init/es8388_init_table.v:16]
	Parameter DATA_WIDTH bound to: 16 - type: integer 
	Parameter ADDR_WIDTH bound to: 8 - type: integer 
WARNING: [Synth 8-3848] Net rom[255] in module/entity es8388_init_table does not have driver. [C:/Users/Administrator/Desktop/acx720_audio_loopback_slave/acx720_audio_loopback_slave/src/es8388_Init/es8388_init_table.v:26]
WARNING: [Synth 8-3848] Net rom[254] in module/entity es8388_init_table does not have driver. [C:/Users/Administrator/Desktop/acx720_audio_loopback_slave/acx720_audio_loopback_slave/src/es8388_Init/es8388_init_table.v:26]
WARNING: [Synth 8-3848] Net rom[253] in module/entity es8388_init_table does not have driver. [C:/Users/Administrator/Desktop/acx720_audio_loopback_slave/acx720_audio_loopback_slave/src/es8388_Init/es8388_init_table.v:26]
WARNING: [Synth 8-3848] Net rom[252] in module/entity es8388_init_table does not have driver. [C:/Users/Administrator/Desktop/acx720_audio_loopback_slave/acx720_audio_loopback_slave/src/es8388_Init/es8388_init_table.v:26]
WARNING: [Synth 8-3848] Net rom[251] in module/entity es8388_init_table does not have driver. [C:/Users/Administrator/Desktop/acx720_audio_loopback_slave/acx720_audio_loopback_slave/src/es8388_Init/es8388_init_table.v:26]
WARNING: [Synth 8-3848] Net rom[250] in module/entity es8388_init_table does not have driver. [C:/Users/Administrator/Desktop/acx720_audio_loopback_slave/acx720_audio_loopback_slave/src/es8388_Init/es8388_init_table.v:26]
WARNING: [Synth 8-3848] Net rom[249] in module/entity es8388_init_table does not have driver. [C:/Users/Administrator/Desktop/acx720_audio_loopback_slave/acx720_audio_loopback_slave/src/es8388_Init/es8388_init_table.v:26]
WARNING: [Synth 8-3848] Net rom[248] in module/entity es8388_init_table does not have driver. [C:/Users/Administrator/Desktop/acx720_audio_loopback_slave/acx720_audio_loopback_slave/src/es8388_Init/es8388_init_table.v:26]
WARNING: [Synth 8-3848] Net rom[247] in module/entity es8388_init_table does not have driver. [C:/Users/Administrator/Desktop/acx720_audio_loopback_slave/acx720_audio_loopback_slave/src/es8388_Init/es8388_init_table.v:26]
WARNING: [Synth 8-3848] Net rom[246] in module/entity es8388_init_table does not have driver. [C:/Users/Administrator/Desktop/acx720_audio_loopback_slave/acx720_audio_loopback_slave/src/es8388_Init/es8388_init_table.v:26]
WARNING: [Synth 8-3848] Net rom[245] in module/entity es8388_init_table does not have driver. [C:/Users/Administrator/Desktop/acx720_audio_loopback_slave/acx720_audio_loopback_slave/src/es8388_Init/es8388_init_table.v:26]
WARNING: [Synth 8-3848] Net rom[244] in module/entity es8388_init_table does not have driver. [C:/Users/Administrator/Desktop/acx720_audio_loopback_slave/acx720_audio_loopback_slave/src/es8388_Init/es8388_init_table.v:26]
WARNING: [Synth 8-3848] Net rom[243] in module/entity es8388_init_table does not have driver. [C:/Users/Administrator/Desktop/acx720_audio_loopback_slave/acx720_audio_loopback_slave/src/es8388_Init/es8388_init_table.v:26]
WARNING: [Synth 8-3848] Net rom[242] in module/entity es8388_init_table does not have driver. [C:/Users/Administrator/Desktop/acx720_audio_loopback_slave/acx720_audio_loopback_slave/src/es8388_Init/es8388_init_table.v:26]
WARNING: [Synth 8-3848] Net rom[241] in module/entity es8388_init_table does not have driver. [C:/Users/Administrator/Desktop/acx720_audio_loopback_slave/acx720_audio_loopback_slave/src/es8388_Init/es8388_init_table.v:26]
WARNING: [Synth 8-3848] Net rom[240] in module/entity es8388_init_table does not have driver. [C:/Users/Administrator/Desktop/acx720_audio_loopback_slave/acx720_audio_loopback_slave/src/es8388_Init/es8388_init_table.v:26]
WARNING: [Synth 8-3848] Net rom[239] in module/entity es8388_init_table does not have driver. [C:/Users/Administrator/Desktop/acx720_audio_loopback_slave/acx720_audio_loopback_slave/src/es8388_Init/es8388_init_table.v:26]
WARNING: [Synth 8-3848] Net rom[238] in module/entity es8388_init_table does not have driver. [C:/Users/Administrator/Desktop/acx720_audio_loopback_slave/acx720_audio_loopback_slave/src/es8388_Init/es8388_init_table.v:26]
WARNING: [Synth 8-3848] Net rom[237] in module/entity es8388_init_table does not have driver. [C:/Users/Administrator/Desktop/acx720_audio_loopback_slave/acx720_audio_loopback_slave/src/es8388_Init/es8388_init_table.v:26]
WARNING: [Synth 8-3848] Net rom[236] in module/entity es8388_init_table does not have driver. [C:/Users/Administrator/Desktop/acx720_audio_loopback_slave/acx720_audio_loopback_slave/src/es8388_Init/es8388_init_table.v:26]
WARNING: [Synth 8-3848] Net rom[235] in module/entity es8388_init_table does not have driver. [C:/Users/Administrator/Desktop/acx720_audio_loopback_slave/acx720_audio_loopback_slave/src/es8388_Init/es8388_init_table.v:26]
WARNING: [Synth 8-3848] Net rom[234] in module/entity es8388_init_table does not have driver. [C:/Users/Administrator/Desktop/acx720_audio_loopback_slave/acx720_audio_loopback_slave/src/es8388_Init/es8388_init_table.v:26]
WARNING: [Synth 8-3848] Net rom[233] in module/entity es8388_init_table does not have driver. [C:/Users/Administrator/Desktop/acx720_audio_loopback_slave/acx720_audio_loopback_slave/src/es8388_Init/es8388_init_table.v:26]
WARNING: [Synth 8-3848] Net rom[232] in module/entity es8388_init_table does not have driver. [C:/Users/Administrator/Desktop/acx720_audio_loopback_slave/acx720_audio_loopback_slave/src/es8388_Init/es8388_init_table.v:26]
WARNING: [Synth 8-3848] Net rom[231] in module/entity es8388_init_table does not have driver. [C:/Users/Administrator/Desktop/acx720_audio_loopback_slave/acx720_audio_loopback_slave/src/es8388_Init/es8388_init_table.v:26]
WARNING: [Synth 8-3848] Net rom[230] in module/entity es8388_init_table does not have driver. [C:/Users/Administrator/Desktop/acx720_audio_loopback_slave/acx720_audio_loopback_slave/src/es8388_Init/es8388_init_table.v:26]
WARNING: [Synth 8-3848] Net rom[229] in module/entity es8388_init_table does not have driver. [C:/Users/Administrator/Desktop/acx720_audio_loopback_slave/acx720_audio_loopback_slave/src/es8388_Init/es8388_init_table.v:26]
WARNING: [Synth 8-3848] Net rom[228] in module/entity es8388_init_table does not have driver. [C:/Users/Administrator/Desktop/acx720_audio_loopback_slave/acx720_audio_loopback_slave/src/es8388_Init/es8388_init_table.v:26]
WARNING: [Synth 8-3848] Net rom[227] in module/entity es8388_init_table does not have driver. [C:/Users/Administrator/Desktop/acx720_audio_loopback_slave/acx720_audio_loopback_slave/src/es8388_Init/es8388_init_table.v:26]
WARNING: [Synth 8-3848] Net rom[226] in module/entity es8388_init_table does not have driver. [C:/Users/Administrator/Desktop/acx720_audio_loopback_slave/acx720_audio_loopback_slave/src/es8388_Init/es8388_init_table.v:26]
WARNING: [Synth 8-3848] Net rom[225] in module/entity es8388_init_table does not have driver. [C:/Users/Administrator/Desktop/acx720_audio_loopback_slave/acx720_audio_loopback_slave/src/es8388_Init/es8388_init_table.v:26]
WARNING: [Synth 8-3848] Net rom[224] in module/entity es8388_init_table does not have driver. [C:/Users/Administrator/Desktop/acx720_audio_loopback_slave/acx720_audio_loopback_slave/src/es8388_Init/es8388_init_table.v:26]
WARNING: [Synth 8-3848] Net rom[223] in module/entity es8388_init_table does not have driver. [C:/Users/Administrator/Desktop/acx720_audio_loopback_slave/acx720_audio_loopback_slave/src/es8388_Init/es8388_init_table.v:26]
WARNING: [Synth 8-3848] Net rom[222] in module/entity es8388_init_table does not have driver. [C:/Users/Administrator/Desktop/acx720_audio_loopback_slave/acx720_audio_loopback_slave/src/es8388_Init/es8388_init_table.v:26]
WARNING: [Synth 8-3848] Net rom[221] in module/entity es8388_init_table does not have driver. [C:/Users/Administrator/Desktop/acx720_audio_loopback_slave/acx720_audio_loopback_slave/src/es8388_Init/es8388_init_table.v:26]
WARNING: [Synth 8-3848] Net rom[220] in module/entity es8388_init_table does not have driver. [C:/Users/Administrator/Desktop/acx720_audio_loopback_slave/acx720_audio_loopback_slave/src/es8388_Init/es8388_init_table.v:26]
WARNING: [Synth 8-3848] Net rom[219] in module/entity es8388_init_table does not have driver. [C:/Users/Administrator/Desktop/acx720_audio_loopback_slave/acx720_audio_loopback_slave/src/es8388_Init/es8388_init_table.v:26]
WARNING: [Synth 8-3848] Net rom[218] in module/entity es8388_init_table does not have driver. [C:/Users/Administrator/Desktop/acx720_audio_loopback_slave/acx720_audio_loopback_slave/src/es8388_Init/es8388_init_table.v:26]
WARNING: [Synth 8-3848] Net rom[217] in module/entity es8388_init_table does not have driver. [C:/Users/Administrator/Desktop/acx720_audio_loopback_slave/acx720_audio_loopback_slave/src/es8388_Init/es8388_init_table.v:26]
WARNING: [Synth 8-3848] Net rom[216] in module/entity es8388_init_table does not have driver. [C:/Users/Administrator/Desktop/acx720_audio_loopback_slave/acx720_audio_loopback_slave/src/es8388_Init/es8388_init_table.v:26]
WARNING: [Synth 8-3848] Net rom[215] in module/entity es8388_init_table does not have driver. [C:/Users/Administrator/Desktop/acx720_audio_loopback_slave/acx720_audio_loopback_slave/src/es8388_Init/es8388_init_table.v:26]
WARNING: [Synth 8-3848] Net rom[214] in module/entity es8388_init_table does not have driver. [C:/Users/Administrator/Desktop/acx720_audio_loopback_slave/acx720_audio_loopback_slave/src/es8388_Init/es8388_init_table.v:26]
WARNING: [Synth 8-3848] Net rom[213] in module/entity es8388_init_table does not have driver. [C:/Users/Administrator/Desktop/acx720_audio_loopback_slave/acx720_audio_loopback_slave/src/es8388_Init/es8388_init_table.v:26]
WARNING: [Synth 8-3848] Net rom[212] in module/entity es8388_init_table does not have driver. [C:/Users/Administrator/Desktop/acx720_audio_loopback_slave/acx720_audio_loopback_slave/src/es8388_Init/es8388_init_table.v:26]
WARNING: [Synth 8-3848] Net rom[211] in module/entity es8388_init_table does not have driver. [C:/Users/Administrator/Desktop/acx720_audio_loopback_slave/acx720_audio_loopback_slave/src/es8388_Init/es8388_init_table.v:26]
WARNING: [Synth 8-3848] Net rom[210] in module/entity es8388_init_table does not have driver. [C:/Users/Administrator/Desktop/acx720_audio_loopback_slave/acx720_audio_loopback_slave/src/es8388_Init/es8388_init_table.v:26]
WARNING: [Synth 8-3848] Net rom[209] in module/entity es8388_init_table does not have driver. [C:/Users/Administrator/Desktop/acx720_audio_loopback_slave/acx720_audio_loopback_slave/src/es8388_Init/es8388_init_table.v:26]
WARNING: [Synth 8-3848] Net rom[208] in module/entity es8388_init_table does not have driver. [C:/Users/Administrator/Desktop/acx720_audio_loopback_slave/acx720_audio_loopback_slave/src/es8388_Init/es8388_init_table.v:26]
WARNING: [Synth 8-3848] Net rom[207] in module/entity es8388_init_table does not have driver. [C:/Users/Administrator/Desktop/acx720_audio_loopback_slave/acx720_audio_loopback_slave/src/es8388_Init/es8388_init_table.v:26]
WARNING: [Synth 8-3848] Net rom[206] in module/entity es8388_init_table does not have driver. [C:/Users/Administrator/Desktop/acx720_audio_loopback_slave/acx720_audio_loopback_slave/src/es8388_Init/es8388_init_table.v:26]
WARNING: [Synth 8-3848] Net rom[205] in module/entity es8388_init_table does not have driver. [C:/Users/Administrator/Desktop/acx720_audio_loopback_slave/acx720_audio_loopback_slave/src/es8388_Init/es8388_init_table.v:26]
WARNING: [Synth 8-3848] Net rom[204] in module/entity es8388_init_table does not have driver. [C:/Users/Administrator/Desktop/acx720_audio_loopback_slave/acx720_audio_loopback_slave/src/es8388_Init/es8388_init_table.v:26]
WARNING: [Synth 8-3848] Net rom[203] in module/entity es8388_init_table does not have driver. [C:/Users/Administrator/Desktop/acx720_audio_loopback_slave/acx720_audio_loopback_slave/src/es8388_Init/es8388_init_table.v:26]
WARNING: [Synth 8-3848] Net rom[202] in module/entity es8388_init_table does not have driver. [C:/Users/Administrator/Desktop/acx720_audio_loopback_slave/acx720_audio_loopback_slave/src/es8388_Init/es8388_init_table.v:26]
WARNING: [Synth 8-3848] Net rom[201] in module/entity es8388_init_table does not have driver. [C:/Users/Administrator/Desktop/acx720_audio_loopback_slave/acx720_audio_loopback_slave/src/es8388_Init/es8388_init_table.v:26]
WARNING: [Synth 8-3848] Net rom[200] in module/entity es8388_init_table does not have driver. [C:/Users/Administrator/Desktop/acx720_audio_loopback_slave/acx720_audio_loopback_slave/src/es8388_Init/es8388_init_table.v:26]
WARNING: [Synth 8-3848] Net rom[199] in module/entity es8388_init_table does not have driver. [C:/Users/Administrator/Desktop/acx720_audio_loopback_slave/acx720_audio_loopback_slave/src/es8388_Init/es8388_init_table.v:26]
WARNING: [Synth 8-3848] Net rom[198] in module/entity es8388_init_table does not have driver. [C:/Users/Administrator/Desktop/acx720_audio_loopback_slave/acx720_audio_loopback_slave/src/es8388_Init/es8388_init_table.v:26]
WARNING: [Synth 8-3848] Net rom[197] in module/entity es8388_init_table does not have driver. [C:/Users/Administrator/Desktop/acx720_audio_loopback_slave/acx720_audio_loopback_slave/src/es8388_Init/es8388_init_table.v:26]
WARNING: [Synth 8-3848] Net rom[196] in module/entity es8388_init_table does not have driver. [C:/Users/Administrator/Desktop/acx720_audio_loopback_slave/acx720_audio_loopback_slave/src/es8388_Init/es8388_init_table.v:26]
WARNING: [Synth 8-3848] Net rom[195] in module/entity es8388_init_table does not have driver. [C:/Users/Administrator/Desktop/acx720_audio_loopback_slave/acx720_audio_loopback_slave/src/es8388_Init/es8388_init_table.v:26]
WARNING: [Synth 8-3848] Net rom[194] in module/entity es8388_init_table does not have driver. [C:/Users/Administrator/Desktop/acx720_audio_loopback_slave/acx720_audio_loopback_slave/src/es8388_Init/es8388_init_table.v:26]
WARNING: [Synth 8-3848] Net rom[193] in module/entity es8388_init_table does not have driver. [C:/Users/Administrator/Desktop/acx720_audio_loopback_slave/acx720_audio_loopback_slave/src/es8388_Init/es8388_init_table.v:26]
WARNING: [Synth 8-3848] Net rom[192] in module/entity es8388_init_table does not have driver. [C:/Users/Administrator/Desktop/acx720_audio_loopback_slave/acx720_audio_loopback_slave/src/es8388_Init/es8388_init_table.v:26]
WARNING: [Synth 8-3848] Net rom[191] in module/entity es8388_init_table does not have driver. [C:/Users/Administrator/Desktop/acx720_audio_loopback_slave/acx720_audio_loopback_slave/src/es8388_Init/es8388_init_table.v:26]
WARNING: [Synth 8-3848] Net rom[190] in module/entity es8388_init_table does not have driver. [C:/Users/Administrator/Desktop/acx720_audio_loopback_slave/acx720_audio_loopback_slave/src/es8388_Init/es8388_init_table.v:26]
WARNING: [Synth 8-3848] Net rom[189] in module/entity es8388_init_table does not have driver. [C:/Users/Administrator/Desktop/acx720_audio_loopback_slave/acx720_audio_loopback_slave/src/es8388_Init/es8388_init_table.v:26]
WARNING: [Synth 8-3848] Net rom[188] in module/entity es8388_init_table does not have driver. [C:/Users/Administrator/Desktop/acx720_audio_loopback_slave/acx720_audio_loopback_slave/src/es8388_Init/es8388_init_table.v:26]
WARNING: [Synth 8-3848] Net rom[187] in module/entity es8388_init_table does not have driver. [C:/Users/Administrator/Desktop/acx720_audio_loopback_slave/acx720_audio_loopback_slave/src/es8388_Init/es8388_init_table.v:26]
WARNING: [Synth 8-3848] Net rom[186] in module/entity es8388_init_table does not have driver. [C:/Users/Administrator/Desktop/acx720_audio_loopback_slave/acx720_audio_loopback_slave/src/es8388_Init/es8388_init_table.v:26]
WARNING: [Synth 8-3848] Net rom[185] in module/entity es8388_init_table does not have driver. [C:/Users/Administrator/Desktop/acx720_audio_loopback_slave/acx720_audio_loopback_slave/src/es8388_Init/es8388_init_table.v:26]
WARNING: [Synth 8-3848] Net rom[184] in module/entity es8388_init_table does not have driver. [C:/Users/Administrator/Desktop/acx720_audio_loopback_slave/acx720_audio_loopback_slave/src/es8388_Init/es8388_init_table.v:26]
WARNING: [Synth 8-3848] Net rom[183] in module/entity es8388_init_table does not have driver. [C:/Users/Administrator/Desktop/acx720_audio_loopback_slave/acx720_audio_loopback_slave/src/es8388_Init/es8388_init_table.v:26]
WARNING: [Synth 8-3848] Net rom[182] in module/entity es8388_init_table does not have driver. [C:/Users/Administrator/Desktop/acx720_audio_loopback_slave/acx720_audio_loopback_slave/src/es8388_Init/es8388_init_table.v:26]
WARNING: [Synth 8-3848] Net rom[181] in module/entity es8388_init_table does not have driver. [C:/Users/Administrator/Desktop/acx720_audio_loopback_slave/acx720_audio_loopback_slave/src/es8388_Init/es8388_init_table.v:26]
WARNING: [Synth 8-3848] Net rom[180] in module/entity es8388_init_table does not have driver. [C:/Users/Administrator/Desktop/acx720_audio_loopback_slave/acx720_audio_loopback_slave/src/es8388_Init/es8388_init_table.v:26]
WARNING: [Synth 8-3848] Net rom[179] in module/entity es8388_init_table does not have driver. [C:/Users/Administrator/Desktop/acx720_audio_loopback_slave/acx720_audio_loopback_slave/src/es8388_Init/es8388_init_table.v:26]
WARNING: [Synth 8-3848] Net rom[178] in module/entity es8388_init_table does not have driver. [C:/Users/Administrator/Desktop/acx720_audio_loopback_slave/acx720_audio_loopback_slave/src/es8388_Init/es8388_init_table.v:26]
WARNING: [Synth 8-3848] Net rom[177] in module/entity es8388_init_table does not have driver. [C:/Users/Administrator/Desktop/acx720_audio_loopback_slave/acx720_audio_loopback_slave/src/es8388_Init/es8388_init_table.v:26]
WARNING: [Synth 8-3848] Net rom[176] in module/entity es8388_init_table does not have driver. [C:/Users/Administrator/Desktop/acx720_audio_loopback_slave/acx720_audio_loopback_slave/src/es8388_Init/es8388_init_table.v:26]
WARNING: [Synth 8-3848] Net rom[175] in module/entity es8388_init_table does not have driver. [C:/Users/Administrator/Desktop/acx720_audio_loopback_slave/acx720_audio_loopback_slave/src/es8388_Init/es8388_init_table.v:26]
WARNING: [Synth 8-3848] Net rom[174] in module/entity es8388_init_table does not have driver. [C:/Users/Administrator/Desktop/acx720_audio_loopback_slave/acx720_audio_loopback_slave/src/es8388_Init/es8388_init_table.v:26]
WARNING: [Synth 8-3848] Net rom[173] in module/entity es8388_init_table does not have driver. [C:/Users/Administrator/Desktop/acx720_audio_loopback_slave/acx720_audio_loopback_slave/src/es8388_Init/es8388_init_table.v:26]
WARNING: [Synth 8-3848] Net rom[172] in module/entity es8388_init_table does not have driver. [C:/Users/Administrator/Desktop/acx720_audio_loopback_slave/acx720_audio_loopback_slave/src/es8388_Init/es8388_init_table.v:26]
WARNING: [Synth 8-3848] Net rom[171] in module/entity es8388_init_table does not have driver. [C:/Users/Administrator/Desktop/acx720_audio_loopback_slave/acx720_audio_loopback_slave/src/es8388_Init/es8388_init_table.v:26]
WARNING: [Synth 8-3848] Net rom[170] in module/entity es8388_init_table does not have driver. [C:/Users/Administrator/Desktop/acx720_audio_loopback_slave/acx720_audio_loopback_slave/src/es8388_Init/es8388_init_table.v:26]
WARNING: [Synth 8-3848] Net rom[169] in module/entity es8388_init_table does not have driver. [C:/Users/Administrator/Desktop/acx720_audio_loopback_slave/acx720_audio_loopback_slave/src/es8388_Init/es8388_init_table.v:26]
WARNING: [Synth 8-3848] Net rom[168] in module/entity es8388_init_table does not have driver. [C:/Users/Administrator/Desktop/acx720_audio_loopback_slave/acx720_audio_loopback_slave/src/es8388_Init/es8388_init_table.v:26]
WARNING: [Synth 8-3848] Net rom[167] in module/entity es8388_init_table does not have driver. [C:/Users/Administrator/Desktop/acx720_audio_loopback_slave/acx720_audio_loopback_slave/src/es8388_Init/es8388_init_table.v:26]
WARNING: [Synth 8-3848] Net rom[166] in module/entity es8388_init_table does not have driver. [C:/Users/Administrator/Desktop/acx720_audio_loopback_slave/acx720_audio_loopback_slave/src/es8388_Init/es8388_init_table.v:26]
WARNING: [Synth 8-3848] Net rom[165] in module/entity es8388_init_table does not have driver. [C:/Users/Administrator/Desktop/acx720_audio_loopback_slave/acx720_audio_loopback_slave/src/es8388_Init/es8388_init_table.v:26]
WARNING: [Synth 8-3848] Net rom[164] in module/entity es8388_init_table does not have driver. [C:/Users/Administrator/Desktop/acx720_audio_loopback_slave/acx720_audio_loopback_slave/src/es8388_Init/es8388_init_table.v:26]
WARNING: [Synth 8-3848] Net rom[163] in module/entity es8388_init_table does not have driver. [C:/Users/Administrator/Desktop/acx720_audio_loopback_slave/acx720_audio_loopback_slave/src/es8388_Init/es8388_init_table.v:26]
WARNING: [Synth 8-3848] Net rom[162] in module/entity es8388_init_table does not have driver. [C:/Users/Administrator/Desktop/acx720_audio_loopback_slave/acx720_audio_loopback_slave/src/es8388_Init/es8388_init_table.v:26]
WARNING: [Synth 8-3848] Net rom[161] in module/entity es8388_init_table does not have driver. [C:/Users/Administrator/Desktop/acx720_audio_loopback_slave/acx720_audio_loopback_slave/src/es8388_Init/es8388_init_table.v:26]
WARNING: [Synth 8-3848] Net rom[160] in module/entity es8388_init_table does not have driver. [C:/Users/Administrator/Desktop/acx720_audio_loopback_slave/acx720_audio_loopback_slave/src/es8388_Init/es8388_init_table.v:26]
WARNING: [Synth 8-3848] Net rom[159] in module/entity es8388_init_table does not have driver. [C:/Users/Administrator/Desktop/acx720_audio_loopback_slave/acx720_audio_loopback_slave/src/es8388_Init/es8388_init_table.v:26]
WARNING: [Synth 8-3848] Net rom[158] in module/entity es8388_init_table does not have driver. [C:/Users/Administrator/Desktop/acx720_audio_loopback_slave/acx720_audio_loopback_slave/src/es8388_Init/es8388_init_table.v:26]
WARNING: [Synth 8-3848] Net rom[157] in module/entity es8388_init_table does not have driver. [C:/Users/Administrator/Desktop/acx720_audio_loopback_slave/acx720_audio_loopback_slave/src/es8388_Init/es8388_init_table.v:26]
WARNING: [Synth 8-3848] Net rom[156] in module/entity es8388_init_table does not have driver. [C:/Users/Administrator/Desktop/acx720_audio_loopback_slave/acx720_audio_loopback_slave/src/es8388_Init/es8388_init_table.v:26]
INFO: [Common 17-14] Message 'Synth 8-3848' appears 100 times and further instances of the messages will be disabled. Use the Tcl command set_msg_config to change the current settings.
INFO: [Synth 8-6155] done synthesizing module 'es8388_init_table' (4#1) [C:/Users/Administrator/Desktop/acx720_audio_loopback_slave/acx720_audio_loopback_slave/src/es8388_Init/es8388_init_table.v:16]
INFO: [Synth 8-6157] synthesizing module 'i2c_control' [C:/Users/Administrator/Desktop/acx720_audio_loopback_slave/acx720_audio_loopback_slave/src/es8388_Init/i2c_control.v:16]
	Parameter WR bound to: 6'b000001 
	Parameter STA bound to: 6'b000010 
	Parameter RD bound to: 6'b000100 
	Parameter STO bound to: 6'b001000 
	Parameter ACK bound to: 6'b010000 
	Parameter NACK bound to: 6'b100000 
	Parameter IDLE bound to: 8'b00000001 
	Parameter WR_REG bound to: 8'b00000010 
	Parameter WAIT_WR_DONE bound to: 8'b00000100 
	Parameter WR_REG_DONE bound to: 8'b00001000 
	Parameter RD_REG bound to: 8'b00010000 
	Parameter WAIT_RD_DONE bound to: 8'b00100000 
	Parameter RD_REG_DONE bound to: 8'b01000000 
	Parameter WAIT_DLY bound to: 8'b10000000 
INFO: [Synth 8-6157] synthesizing module 'i2c_bit_shift' [C:/Users/Administrator/Desktop/acx720_audio_loopback_slave/acx720_audio_loopback_slave/src/es8388_Init/i2c_bit_shift.v:16]
	Parameter SYS_CLOCK bound to: 50000000 - type: integer 
	Parameter SCL_CLOCK bound to: 400000 - type: integer 
	Parameter SCL_CNT_M bound to: 30 - type: integer 
	Parameter WR bound to: 6'b000001 
	Parameter STA bound to: 6'b000010 
	Parameter RD bound to: 6'b000100 
	Parameter STO bound to: 6'b001000 
	Parameter ACK bound to: 6'b010000 
	Parameter NACK bound to: 6'b100000 
	Parameter IDLE bound to: 8'b00000001 
	Parameter GEN_STA bound to: 8'b00000010 
	Parameter WR_DATA bound to: 8'b00000100 
	Parameter RD_DATA bound to: 8'b00001000 
	Parameter CHECK_ACK bound to: 8'b00010000 
	Parameter GEN_ACK bound to: 8'b00100000 
	Parameter GEN_STO bound to: 8'b01000000 
INFO: [Synth 8-226] default block is never used [C:/Users/Administrator/Desktop/acx720_audio_loopback_slave/acx720_audio_loopback_slave/src/es8388_Init/i2c_bit_shift.v:155]
INFO: [Synth 8-226] default block is never used [C:/Users/Administrator/Desktop/acx720_audio_loopback_slave/acx720_audio_loopback_slave/src/es8388_Init/i2c_bit_shift.v:216]
WARNING: [Synth 8-5788] Register i2c_sclk_reg in module i2c_bit_shift is has both Set and reset with same priority. This may cause simulation mismatches. Consider rewriting code  [C:/Users/Administrator/Desktop/acx720_audio_loopback_slave/acx720_audio_loopback_slave/src/es8388_Init/i2c_bit_shift.v:134]
INFO: [Synth 8-6155] done synthesizing module 'i2c_bit_shift' (5#1) [C:/Users/Administrator/Desktop/acx720_audio_loopback_slave/acx720_audio_loopback_slave/src/es8388_Init/i2c_bit_shift.v:16]
WARNING: [Synth 8-151] case item 8'b10000000 is unreachable [C:/Users/Administrator/Desktop/acx720_audio_loopback_slave/acx720_audio_loopback_slave/src/es8388_Init/i2c_control.v:289]
WARNING: [Synth 8-6014] Unused sequential element dly_cnt_reg was removed.  [C:/Users/Administrator/Desktop/acx720_audio_loopback_slave/acx720_audio_loopback_slave/src/es8388_Init/i2c_control.v:106]
WARNING: [Synth 8-5788] Register cnt_reg in module i2c_control is has both Set and reset with same priority. This may cause simulation mismatches. Consider rewriting code  [C:/Users/Administrator/Desktop/acx720_audio_loopback_slave/acx720_audio_loopback_slave/src/es8388_Init/i2c_control.v:112]
WARNING: [Synth 8-5788] Register RW_Done_reg in module i2c_control is has both Set and reset with same priority. This may cause simulation mismatches. Consider rewriting code  [C:/Users/Administrator/Desktop/acx720_audio_loopback_slave/acx720_audio_loopback_slave/src/es8388_Init/i2c_control.v:115]
INFO: [Synth 8-6155] done synthesizing module 'i2c_control' (6#1) [C:/Users/Administrator/Desktop/acx720_audio_loopback_slave/acx720_audio_loopback_slave/src/es8388_Init/i2c_control.v:16]
INFO: [Synth 8-6155] done synthesizing module 'I2C_Init_Dev' (7#1) [C:/Users/Administrator/Desktop/acx720_audio_loopback_slave/acx720_audio_loopback_slave/src/es8388_Init/I2C_Init_Dev.v:16]
INFO: [Synth 8-6155] done synthesizing module 'es8388_Init' (8#1) [C:/Users/Administrator/Desktop/acx720_audio_loopback_slave/acx720_audio_loopback_slave/src/es8388_Init/es8388_Init.v:17]
INFO: [Synth 8-6157] synthesizing module 'i2s_rx' [C:/Users/Administrator/Desktop/acx720_audio_loopback_slave/acx720_audio_loopback_slave/src/i2s/i2s_rx.v:1]
	Parameter DATA_WIDTH bound to: 32 - type: integer 
	Parameter state_idle bound to: 2'b00 
	Parameter state_left_data bound to: 2'b01 
	Parameter state_right_data bound to: 2'b10 
	Parameter state_fifo_write bound to: 2'b11 
INFO: [Synth 8-226] default block is never used [C:/Users/Administrator/Desktop/acx720_audio_loopback_slave/acx720_audio_loopback_slave/src/i2s/i2s_rx.v:63]
INFO: [Synth 8-6157] synthesizing module 'async_fifo' [C:/Users/Administrator/Desktop/acx720_audio_loopback_slave/acx720_audio_loopback_slave/src/fifo/async_fifo.v:1]
	Parameter DATA_WIDTH bound to: 32 - type: integer 
	Parameter ADDR_WIDTH bound to: 8 - type: integer 
	Parameter FULL_AHEAD bound to: 1 - type: integer 
	Parameter SHOWAHEAD_EN bound to: 0 - type: integer 
INFO: [Synth 8-6157] synthesizing module 'async_fifo_ctrl' [C:/Users/Administrator/Desktop/acx720_audio_loopback_slave/acx720_audio_loopback_slave/src/fifo/async_fifo_ctrl.v:1]
	Parameter DATA_WIDTH bound to: 32 - type: integer 
	Parameter ADDR_WIDTH bound to: 8 - type: integer 
	Parameter FULL_AHEAD bound to: 1 - type: integer 
INFO: [Synth 8-6155] done synthesizing module 'async_fifo_ctrl' (9#1) [C:/Users/Administrator/Desktop/acx720_audio_loopback_slave/acx720_audio_loopback_slave/src/fifo/async_fifo_ctrl.v:1]
INFO: [Synth 8-6157] synthesizing module 'dpram' [C:/Users/Administrator/Desktop/acx720_audio_loopback_slave/acx720_audio_loopback_slave/src/fifo/dpram.v:1]
	Parameter DATA_WIDTH bound to: 32 - type: integer 
	Parameter ADDR_WIDTH bound to: 8 - type: integer 
INFO: [Synth 8-5534] Detected attribute (* ram_style = "block" *) [C:/Users/Administrator/Desktop/acx720_audio_loopback_slave/acx720_audio_loopback_slave/src/fifo/dpram.v:23]
INFO: [Synth 8-6155] done synthesizing module 'dpram' (10#1) [C:/Users/Administrator/Desktop/acx720_audio_loopback_slave/acx720_audio_loopback_slave/src/fifo/dpram.v:1]
INFO: [Synth 8-6155] done synthesizing module 'async_fifo' (11#1) [C:/Users/Administrator/Desktop/acx720_audio_loopback_slave/acx720_audio_loopback_slave/src/fifo/async_fifo.v:1]
WARNING: [Synth 8-5788] Register reg_wrfifo_data_reg in module i2s_rx is has both Set and reset with same priority. This may cause simulation mismatches. Consider rewriting code  [C:/Users/Administrator/Desktop/acx720_audio_loopback_slave/acx720_audio_loopback_slave/src/i2s/i2s_rx.v:86]
INFO: [Synth 8-6155] done synthesizing module 'i2s_rx' (12#1) [C:/Users/Administrator/Desktop/acx720_audio_loopback_slave/acx720_audio_loopback_slave/src/i2s/i2s_rx.v:1]
INFO: [Synth 8-6157] synthesizing module 'i2s_tx' [C:/Users/Administrator/Desktop/acx720_audio_loopback_slave/acx720_audio_loopback_slave/src/i2s/i2s_tx.v:1]
	Parameter DATA_WIDTH bound to: 32 - type: integer 
	Parameter state_idle bound to: 2'b00 
	Parameter state_tx_left_data bound to: 2'b01 
	Parameter state_tx_right_data bound to: 2'b10 
INFO: [Synth 8-155] case statement is not full and has no default [C:/Users/Administrator/Desktop/acx720_audio_loopback_slave/acx720_audio_loopback_slave/src/i2s/i2s_tx.v:59]
INFO: [Synth 8-6155] done synthesizing module 'i2s_tx' (13#1) [C:/Users/Administrator/Desktop/acx720_audio_loopback_slave/acx720_audio_loopback_slave/src/i2s/i2s_tx.v:1]
INFO: [Synth 8-6071] Mark debug on the nets applies keep_hierarchy on instance 'i2s_rx'. This will prevent further optimization [C:/Users/Administrator/Desktop/acx720_audio_loopback_slave/acx720_audio_loopback_slave/src/top/audio_lookback.v:133]
INFO: [Synth 8-6071] Mark debug on the nets applies keep_hierarchy on instance 'your_instance_name'. This will prevent further optimization [C:/Users/Administrator/Desktop/acx720_audio_loopback_slave/acx720_audio_loopback_slave/src/top/audio_lookback.v:15]
INFO: [Synth 8-6071] Mark debug on the nets applies keep_hierarchy on instance 'i2s_tx'. This will prevent further optimization [C:/Users/Administrator/Desktop/acx720_audio_loopback_slave/acx720_audio_loopback_slave/src/top/audio_lookback.v:148]
INFO: [Synth 8-6071] Mark debug on the nets applies keep_hierarchy on instance 'clk_div4'. This will prevent further optimization [C:/Users/Administrator/Desktop/acx720_audio_loopback_slave/acx720_audio_loopback_slave/src/top/audio_lookback.v:51]
INFO: [Synth 8-6071] Mark debug on the nets applies keep_hierarchy on instance 'instance_name'. This will prevent further optimization [C:/Users/Administrator/Desktop/acx720_audio_loopback_slave/acx720_audio_loopback_slave/src/top/audio_lookback.v:35]
WARNING: [Synth 8-5788] Register dacfifo_writedata_reg in module audio_lookback is has both Set and reset with same priority. This may cause simulation mismatches. Consider rewriting code  [C:/Users/Administrator/Desktop/acx720_audio_loopback_slave/acx720_audio_loopback_slave/src/top/audio_lookback.v:123]
INFO: [Synth 8-6155] done synthesizing module 'audio_lookback' (14#1) [C:/Users/Administrator/Desktop/acx720_audio_loopback_slave/acx720_audio_loopback_slave/src/top/audio_lookback.v:1]
WARNING: [Synth 8-3331] design i2c_control has unconnected port dly_cnt_max[31]
WARNING: [Synth 8-3331] design i2c_control has unconnected port dly_cnt_max[30]
WARNING: [Synth 8-3331] design i2c_control has unconnected port dly_cnt_max[29]
WARNING: [Synth 8-3331] design i2c_control has unconnected port dly_cnt_max[28]
WARNING: [Synth 8-3331] design i2c_control has unconnected port dly_cnt_max[27]
WARNING: [Synth 8-3331] design i2c_control has unconnected port dly_cnt_max[26]
WARNING: [Synth 8-3331] design i2c_control has unconnected port dly_cnt_max[25]
WARNING: [Synth 8-3331] design i2c_control has unconnected port dly_cnt_max[24]
WARNING: [Synth 8-3331] design i2c_control has unconnected port dly_cnt_max[23]
WARNING: [Synth 8-3331] design i2c_control has unconnected port dly_cnt_max[22]
WARNING: [Synth 8-3331] design i2c_control has unconnected port dly_cnt_max[21]
WARNING: [Synth 8-3331] design i2c_control has unconnected port dly_cnt_max[20]
WARNING: [Synth 8-3331] design i2c_control has unconnected port dly_cnt_max[19]
WARNING: [Synth 8-3331] design i2c_control has unconnected port dly_cnt_max[18]
WARNING: [Synth 8-3331] design i2c_control has unconnected port dly_cnt_max[17]
WARNING: [Synth 8-3331] design i2c_control has unconnected port dly_cnt_max[16]
WARNING: [Synth 8-3331] design i2c_control has unconnected port dly_cnt_max[15]
WARNING: [Synth 8-3331] design i2c_control has unconnected port dly_cnt_max[14]
WARNING: [Synth 8-3331] design i2c_control has unconnected port dly_cnt_max[13]
WARNING: [Synth 8-3331] design i2c_control has unconnected port dly_cnt_max[12]
WARNING: [Synth 8-3331] design i2c_control has unconnected port dly_cnt_max[11]
WARNING: [Synth 8-3331] design i2c_control has unconnected port dly_cnt_max[10]
WARNING: [Synth 8-3331] design i2c_control has unconnected port dly_cnt_max[9]
WARNING: [Synth 8-3331] design i2c_control has unconnected port dly_cnt_max[8]
WARNING: [Synth 8-3331] design i2c_control has unconnected port dly_cnt_max[7]
WARNING: [Synth 8-3331] design i2c_control has unconnected port dly_cnt_max[6]
WARNING: [Synth 8-3331] design i2c_control has unconnected port dly_cnt_max[5]
WARNING: [Synth 8-3331] design i2c_control has unconnected port dly_cnt_max[4]
WARNING: [Synth 8-3331] design i2c_control has unconnected port dly_cnt_max[3]
WARNING: [Synth 8-3331] design i2c_control has unconnected port dly_cnt_max[2]
WARNING: [Synth 8-3331] design i2c_control has unconnected port dly_cnt_max[1]
WARNING: [Synth 8-3331] design i2c_control has unconnected port dly_cnt_max[0]
---------------------------------------------------------------------------------
Finished RTL Elaboration : Time (s): cpu = 00:00:00 ; elapsed = 00:00:02 . Memory (MB): peak = 545.891 ; gain = 149.246
---------------------------------------------------------------------------------

Report Check Netlist: 
+------+------------------+-------+---------+-------+------------------+
|      |Item              |Errors |Warnings |Status |Description       |
+------+------------------+-------+---------+-------+------------------+
|1     |multi_driven_nets |      0|        0|Passed |Multi driven nets |
+------+------------------+-------+---------+-------+------------------+
---------------------------------------------------------------------------------
Start Handling Custom Attributes
---------------------------------------------------------------------------------
---------------------------------------------------------------------------------
Finished Handling Custom Attributes : Time (s): cpu = 00:00:00 ; elapsed = 00:00:02 . Memory (MB): peak = 545.891 ; gain = 149.246
---------------------------------------------------------------------------------
---------------------------------------------------------------------------------
Finished RTL Optimization Phase 1 : Time (s): cpu = 00:00:00 ; elapsed = 00:00:02 . Memory (MB): peak = 545.891 ; gain = 149.246
---------------------------------------------------------------------------------
INFO: [Device 21-403] Loading part xc7a200tfbg484-2
INFO: [Project 1-570] Preparing netlist for logic optimization

Processing XDC Constraints
Initializing timing engine
Parsing XDC File [c:/Users/Administrator/Desktop/acx720_audio_loopback_slave/acx720_audio_loopback_slave/acx720_audio_loopback_slave.srcs/sources_1/ip/clk_wiz_0/clk_wiz_0/clk_wiz_0_in_context.xdc] for cell 'instance_name'
Finished Parsing XDC File [c:/Users/Administrator/Desktop/acx720_audio_loopback_slave/acx720_audio_loopback_slave/acx720_audio_loopback_slave.srcs/sources_1/ip/clk_wiz_0/clk_wiz_0/clk_wiz_0_in_context.xdc] for cell 'instance_name'
Parsing XDC File [c:/Users/Administrator/Desktop/acx720_audio_loopback_slave/acx720_audio_loopback_slave/acx720_audio_loopback_slave.srcs/sources_1/ip/ila_0/ila_0/ila_0_in_context.xdc] for cell 'your_instance_name'
Finished Parsing XDC File [c:/Users/Administrator/Desktop/acx720_audio_loopback_slave/acx720_audio_loopback_slave/acx720_audio_loopback_slave.srcs/sources_1/ip/ila_0/ila_0/ila_0_in_context.xdc] for cell 'your_instance_name'
Parsing XDC File [C:/Users/Administrator/Desktop/acx720_audio_loopback_slave/acx720_audio_loopback_slave/acx720_audio_loopback_slave.srcs/constrs_1/new/io.xdc]
Finished Parsing XDC File [C:/Users/Administrator/Desktop/acx720_audio_loopback_slave/acx720_audio_loopback_slave/acx720_audio_loopback_slave.srcs/constrs_1/new/io.xdc]
INFO: [Project 1-236] Implementation specific constraints were found while reading constraint file [C:/Users/Administrator/Desktop/acx720_audio_loopback_slave/acx720_audio_loopback_slave/acx720_audio_loopback_slave.srcs/constrs_1/new/io.xdc]. These constraints will be ignored for synthesis but will be used in implementation. Impacted constraints are listed in the file [.Xil/audio_lookback_propImpl.xdc].
Resolution: To avoid this warning, move constraints listed in [.Xil/audio_lookback_propImpl.xdc] to another XDC file and exclude this new file from synthesis with the used_in_synthesis property (File Properties dialog in GUI) and re-run elaboration/synthesis.
Netlist sorting complete. Time (s): cpu = 00:00:00 ; elapsed = 00:00:00 . Memory (MB): peak = 925.629 ; gain = 0.000
Completed Processing XDC Constraints

Netlist sorting complete. Time (s): cpu = 00:00:00 ; elapsed = 00:00:00 . Memory (MB): peak = 925.629 ; gain = 0.000
INFO: [Project 1-111] Unisim Transformation Summary:
No Unisim elements were transformed.

Netlist sorting complete. Time (s): cpu = 00:00:00 ; elapsed = 00:00:00 . Memory (MB): peak = 925.629 ; gain = 0.000
Constraint Validation Runtime : Time (s): cpu = 00:00:00 ; elapsed = 00:00:00.002 . Memory (MB): peak = 925.629 ; gain = 0.000
---------------------------------------------------------------------------------
Finished Constraint Validation : Time (s): cpu = 00:00:01 ; elapsed = 00:00:07 . Memory (MB): peak = 925.629 ; gain = 528.984
---------------------------------------------------------------------------------
---------------------------------------------------------------------------------
Start Loading Part and Timing Information
---------------------------------------------------------------------------------
Loading part: xc7a200tfbg484-2
---------------------------------------------------------------------------------
Finished Loading Part and Timing Information : Time (s): cpu = 00:00:01 ; elapsed = 00:00:07 . Memory (MB): peak = 925.629 ; gain = 528.984
---------------------------------------------------------------------------------
---------------------------------------------------------------------------------
Start Applying 'set_property' XDC Constraints
---------------------------------------------------------------------------------
Applied set_property DONT_TOUCH = true for instance_name. (constraint file  auto generated constraint, line ).
Applied set_property DONT_TOUCH = true for your_instance_name. (constraint file  auto generated constraint, line ).
---------------------------------------------------------------------------------
Finished applying 'set_property' XDC Constraints : Time (s): cpu = 00:00:01 ; elapsed = 00:00:07 . Memory (MB): peak = 925.629 ; gain = 528.984
---------------------------------------------------------------------------------
INFO: [Synth 8-5544] ROM "clk_out" won't be mapped to Block RAM because address size (2) smaller than threshold (5)
INFO: [Synth 8-802] inferred FSM for state register 'state_reg' in module 'i2c_bit_shift'
INFO: [Synth 8-5546] ROM "Rx_DATA" won't be mapped to RAM because it is too sparse
INFO: [Synth 8-5546] ROM "i2c_sdat_oe" won't be mapped to RAM because it is too sparse
INFO: [Synth 8-5546] ROM "i2c_sdat_oe" won't be mapped to RAM because it is too sparse
INFO: [Synth 8-5546] ROM "i2c_sdat_o" won't be mapped to RAM because it is too sparse
INFO: [Synth 8-5546] ROM "i2c_sdat_o" won't be mapped to RAM because it is too sparse
INFO: [Synth 8-5546] ROM "Trans_Done" won't be mapped to RAM because it is too sparse
INFO: [Synth 8-5546] ROM "ack_o" won't be mapped to RAM because it is too sparse
INFO: [Synth 8-5546] ROM "state" won't be mapped to RAM because it is too sparse
INFO: [Synth 8-5546] ROM "i2c_sclk" won't be mapped to RAM because it is too sparse
INFO: [Synth 8-5546] ROM "i2c_sclk" won't be mapped to RAM because it is too sparse
INFO: [Synth 8-5546] ROM "i2c_sclk" won't be mapped to RAM because it is too sparse
INFO: [Synth 8-5546] ROM "i2c_sclk" won't be mapped to RAM because it is too sparse
INFO: [Synth 8-5546] ROM "en_div_cnt" won't be mapped to RAM because it is too sparse
INFO: [Synth 8-5544] ROM "state" won't be mapped to Block RAM because address size (1) smaller than threshold (5)
INFO: [Synth 8-5544] ROM "state" won't be mapped to Block RAM because address size (1) smaller than threshold (5)
INFO: [Synth 8-5544] ROM "state" won't be mapped to Block RAM because address size (1) smaller than threshold (5)
INFO: [Synth 8-5544] ROM "state" won't be mapped to Block RAM because address size (1) smaller than threshold (5)
INFO: [Synth 8-802] inferred FSM for state register 'state_reg' in module 'i2c_control'
INFO: [Synth 8-5546] ROM "Cmd" won't be mapped to RAM because it is too sparse
INFO: [Synth 8-5546] ROM "Cmd" won't be mapped to RAM because it is too sparse
INFO: [Synth 8-5546] ROM "Tx_DATA" won't be mapped to RAM because it is too sparse
INFO: [Synth 8-5546] ROM "cnt" won't be mapped to RAM because it is too sparse
INFO: [Synth 8-5546] ROM "RW_Done" won't be mapped to RAM because it is too sparse
INFO: [Synth 8-5546] ROM "rddata" won't be mapped to RAM because it is too sparse
INFO: [Synth 8-5546] ROM "state" won't be mapped to RAM because it is too sparse
INFO: [Synth 8-5546] ROM "state" won't be mapped to RAM because it is too sparse
INFO: [Synth 8-5544] ROM "state" won't be mapped to Block RAM because address size (1) smaller than threshold (5)
INFO: [Synth 8-802] inferred FSM for state register 'state_reg' in module 'I2C_Init_Dev'
INFO: [Synth 8-5546] ROM "i2c_dly_cnt_max" won't be mapped to RAM because it is too sparse
INFO: [Synth 8-5544] ROM "i2c_dly_cnt_max" won't be mapped to Block RAM because address size (2) smaller than threshold (5)
INFO: [Synth 8-5544] ROM "wrreg_req" won't be mapped to Block RAM because address size (2) smaller than threshold (5)
INFO: [Synth 8-5544] ROM "state" won't be mapped to Block RAM because address size (1) smaller than threshold (5)
INFO: [Synth 8-5546] ROM "Init_en" won't be mapped to RAM because it is too sparse
INFO: [Synth 8-802] inferred FSM for state register 'state_reg' in module 'i2s_rx'
INFO: [Synth 8-5546] ROM "bit_cnt" won't be mapped to RAM because it is too sparse
INFO: [Synth 8-5546] ROM "bit_cnt" won't be mapped to RAM because it is too sparse
INFO: [Synth 8-5544] ROM "adcfifo_writedata" won't be mapped to Block RAM because address size (2) smaller than threshold (5)
INFO: [Synth 8-5544] ROM "adcfifo_write" won't be mapped to Block RAM because address size (2) smaller than threshold (5)
INFO: [Synth 8-5546] ROM "state" won't be mapped to RAM because it is too sparse
INFO: [Synth 8-802] inferred FSM for state register 'state_reg' in module 'i2s_tx'
INFO: [Synth 8-5546] ROM "state" won't be mapped to RAM because it is too sparse
INFO: [Synth 8-5544] ROM "dacdat" won't be mapped to Block RAM because address size (2) smaller than threshold (5)
INFO: [Synth 8-5546] ROM "i2s_lrck" won't be mapped to RAM because it is too sparse
---------------------------------------------------------------------------------------------------
                   State |                     New Encoding |                Previous Encoding 
---------------------------------------------------------------------------------------------------
*
                    IDLE |                         00000001 |                         00000001
                 GEN_STA |                         00000010 |                         00000010
                 WR_DATA |                         00000100 |                         00000100
               CHECK_ACK |                         00010000 |                         00010000
                 RD_DATA |                         00001000 |                         00001000
                 GEN_ACK |                         00100000 |                         00100000
                 GEN_STO |                         01000000 |                         01000000
---------------------------------------------------------------------------------------------------
INFO: [Synth 8-3898] No Re-encoding of one hot register 'state_reg' in module 'i2c_bit_shift'
---------------------------------------------------------------------------------------------------
                   State |                     New Encoding |                Previous Encoding 
---------------------------------------------------------------------------------------------------
*
                    IDLE |                          0000001 |                          0000001
                  WR_REG |                          0000010 |                          0000010
            WAIT_WR_DONE |                          0000100 |                          0000100
             WR_REG_DONE |                          0001000 |                          0001000
                  RD_REG |                          0010000 |                          0010000
            WAIT_RD_DONE |                          0100000 |                          0100000
             RD_REG_DONE |                          1000000 |                          1000000
---------------------------------------------------------------------------------------------------
INFO: [Synth 8-3898] No Re-encoding of one hot register 'state_reg' in module 'i2c_control'
---------------------------------------------------------------------------------------------------
                   State |                     New Encoding |                Previous Encoding 
---------------------------------------------------------------------------------------------------
                  iSTATE |                               00 |                               00
                 iSTATE1 |                               01 |                               01
                 iSTATE0 |                               10 |                               10
---------------------------------------------------------------------------------------------------
INFO: [Synth 8-3354] encoded FSM with state register 'state_reg' using encoding 'sequential' in module 'I2C_Init_Dev'
---------------------------------------------------------------------------------------------------
                   State |                     New Encoding |                Previous Encoding 
---------------------------------------------------------------------------------------------------
              state_idle |                               00 |                               00
         state_left_data |                               01 |                               01
        state_right_data |                               10 |                               10
        state_fifo_write |                               11 |                               11
---------------------------------------------------------------------------------------------------
INFO: [Synth 8-3354] encoded FSM with state register 'state_reg' using encoding 'sequential' in module 'i2s_rx'
---------------------------------------------------------------------------------------------------
                   State |                     New Encoding |                Previous Encoding 
---------------------------------------------------------------------------------------------------
              state_idle |                              001 |                               00
      state_tx_left_data |                              010 |                               01
     state_tx_right_data |                              100 |                               10
---------------------------------------------------------------------------------------------------
INFO: [Synth 8-3354] encoded FSM with state register 'state_reg' using encoding 'one-hot' in module 'i2s_tx'
---------------------------------------------------------------------------------
Finished RTL Optimization Phase 2 : Time (s): cpu = 00:00:01 ; elapsed = 00:00:07 . Memory (MB): peak = 925.629 ; gain = 528.984
---------------------------------------------------------------------------------

Report RTL Partitions: 
+-+--------------+------------+----------+
| |RTL Partition |Replication |Instances |
+-+--------------+------------+----------+
+-+--------------+------------+----------+
---------------------------------------------------------------------------------
Start RTL Component Statistics 
---------------------------------------------------------------------------------
Detailed RTL Component Info : 
+---Adders : 
	   2 Input     11 Bit       Adders := 1     
	   2 Input      9 Bit       Adders := 8     
	   3 Input      9 Bit       Adders := 6     
	   2 Input      8 Bit       Adders := 3     
	   2 Input      5 Bit       Adders := 2     
	   2 Input      2 Bit       Adders := 1     
+---XORs : 
	   2 Input      9 Bit         XORs := 4     
	   2 Input      1 Bit         XORs := 32    
+---Registers : 
	               32 Bit    Registers := 9     
	               20 Bit    Registers := 1     
	               16 Bit    Registers := 1     
	               11 Bit    Registers := 1     
	                9 Bit    Registers := 16    
	                8 Bit    Registers := 7     
	                6 Bit    Registers := 1     
	                5 Bit    Registers := 1     
	                2 Bit    Registers := 1     
	                1 Bit    Registers := 35    
+---RAMs : 
	               8K Bit         RAMs := 2     
+---Muxes : 
	   2 Input     32 Bit        Muxes := 3     
	   4 Input     32 Bit        Muxes := 2     
	   2 Input     25 Bit        Muxes := 1     
	   2 Input     16 Bit        Muxes := 1     
	   2 Input     11 Bit        Muxes := 2     
	   2 Input      8 Bit        Muxes := 7     
	   4 Input      8 Bit        Muxes := 3     
	   6 Input      8 Bit        Muxes := 1     
	   8 Input      8 Bit        Muxes := 2     
	   3 Input      8 Bit        Muxes := 1     
	   8 Input      7 Bit        Muxes := 2     
	   2 Input      7 Bit        Muxes := 2     
	   6 Input      7 Bit        Muxes := 1     
	   2 Input      6 Bit        Muxes := 2     
	   4 Input      6 Bit        Muxes := 1     
	   6 Input      6 Bit        Muxes := 1     
	   8 Input      6 Bit        Muxes := 1     
	   2 Input      5 Bit        Muxes := 6     
	   8 Input      5 Bit        Muxes := 1     
	   2 Input      4 Bit        Muxes := 6     
	   5 Input      4 Bit        Muxes := 1     
	   2 Input      2 Bit        Muxes := 2     
	   7 Input      2 Bit        Muxes := 1     
	   4 Input      2 Bit        Muxes := 1     
	   2 Input      1 Bit        Muxes := 31    
	   4 Input      1 Bit        Muxes := 21    
	   8 Input      1 Bit        Muxes := 24    
	   6 Input      1 Bit        Muxes := 2     
	   3 Input      1 Bit        Muxes := 8     
---------------------------------------------------------------------------------
Finished RTL Component Statistics 
---------------------------------------------------------------------------------
---------------------------------------------------------------------------------
Start RTL Hierarchical Component Statistics 
---------------------------------------------------------------------------------
Hierarchical RTL Component report 
Module audio_lookback 
Detailed RTL Component Info : 
+---Adders : 
	   2 Input     11 Bit       Adders := 1     
+---Registers : 
	               32 Bit    Registers := 1     
	               11 Bit    Registers := 1     
	                1 Bit    Registers := 3     
+---Muxes : 
	   2 Input     11 Bit        Muxes := 2     
	   3 Input      1 Bit        Muxes := 1     
Module clk_div4 
Detailed RTL Component Info : 
+---Adders : 
	   2 Input      2 Bit       Adders := 1     
+---Registers : 
	                2 Bit    Registers := 1     
	                1 Bit    Registers := 1     
+---Muxes : 
	   2 Input      1 Bit        Muxes := 1     
Module es8388_init_table 
Detailed RTL Component Info : 
+---Registers : 
	               16 Bit    Registers := 1     
Module i2c_bit_shift 
Detailed RTL Component Info : 
+---Adders : 
	   2 Input      5 Bit       Adders := 2     
+---Registers : 
	               20 Bit    Registers := 1     
	                8 Bit    Registers := 1     
	                5 Bit    Registers := 1     
	                1 Bit    Registers := 6     
+---Muxes : 
	   8 Input      7 Bit        Muxes := 1     
	   2 Input      7 Bit        Muxes := 2     
	   2 Input      5 Bit        Muxes := 4     
	   8 Input      5 Bit        Muxes := 1     
	   2 Input      4 Bit        Muxes := 5     
	   2 Input      1 Bit        Muxes := 16    
	   4 Input      1 Bit        Muxes := 15    
	   8 Input      1 Bit        Muxes := 13    
Module i2c_control 
Detailed RTL Component Info : 
+---Registers : 
	                8 Bit    Registers := 3     
	                6 Bit    Registers := 1     
	                1 Bit    Registers := 3     
+---Muxes : 
	   2 Input     16 Bit        Muxes := 1     
	   2 Input      8 Bit        Muxes := 2     
	   4 Input      8 Bit        Muxes := 2     
	   6 Input      8 Bit        Muxes := 1     
	   8 Input      8 Bit        Muxes := 2     
	   8 Input      7 Bit        Muxes := 1     
	   6 Input      7 Bit        Muxes := 1     
	   2 Input      6 Bit        Muxes := 2     
	   4 Input      6 Bit        Muxes := 1     
	   6 Input      6 Bit        Muxes := 1     
	   8 Input      6 Bit        Muxes := 1     
	   2 Input      5 Bit        Muxes := 2     
	   2 Input      4 Bit        Muxes := 1     
	   5 Input      4 Bit        Muxes := 1     
	   2 Input      2 Bit        Muxes := 1     
	   2 Input      1 Bit        Muxes := 4     
	   4 Input      1 Bit        Muxes := 2     
	   6 Input      1 Bit        Muxes := 2     
	   8 Input      1 Bit        Muxes := 11    
Module I2C_Init_Dev 
Detailed RTL Component Info : 
+---Adders : 
	   2 Input      8 Bit       Adders := 1     
+---Registers : 
	               32 Bit    Registers := 1     
	                8 Bit    Registers := 1     
	                1 Bit    Registers := 2     
+---Muxes : 
	   2 Input     25 Bit        Muxes := 1     
	   2 Input      8 Bit        Muxes := 2     
	   7 Input      2 Bit        Muxes := 1     
	   2 Input      1 Bit        Muxes := 3     
	   3 Input      1 Bit        Muxes := 3     
Module es8388_Init 
Detailed RTL Component Info : 
+---Registers : 
	                1 Bit    Registers := 1     
+---Muxes : 
	   2 Input      1 Bit        Muxes := 1     
Module async_fifo_ctrl 
Detailed RTL Component Info : 
+---Adders : 
	   2 Input      9 Bit       Adders := 4     
	   3 Input      9 Bit       Adders := 3     
+---XORs : 
	   2 Input      9 Bit         XORs := 2     
	   2 Input      1 Bit         XORs := 16    
+---Registers : 
	                9 Bit    Registers := 8     
	                1 Bit    Registers := 4     
Module dpram 
Detailed RTL Component Info : 
+---Registers : 
	               32 Bit    Registers := 1     
+---RAMs : 
	               8K Bit         RAMs := 1     
Module async_fifo 
Detailed RTL Component Info : 
+---Registers : 
	               32 Bit    Registers := 1     
Module i2s_rx 
Detailed RTL Component Info : 
+---Adders : 
	   2 Input      8 Bit       Adders := 1     
+---Registers : 
	               32 Bit    Registers := 2     
	                8 Bit    Registers := 1     
	                1 Bit    Registers := 7     
+---Muxes : 
	   2 Input     32 Bit        Muxes := 3     
	   4 Input     32 Bit        Muxes := 2     
	   4 Input      8 Bit        Muxes := 1     
	   4 Input      2 Bit        Muxes := 1     
	   2 Input      2 Bit        Muxes := 1     
	   2 Input      1 Bit        Muxes := 3     
	   4 Input      1 Bit        Muxes := 4     
Module i2s_tx 
Detailed RTL Component Info : 
+---Adders : 
	   2 Input      8 Bit       Adders := 1     
+---Registers : 
	               32 Bit    Registers := 1     
	                8 Bit    Registers := 1     
	                1 Bit    Registers := 4     
+---Muxes : 
	   2 Input      8 Bit        Muxes := 3     
	   3 Input      8 Bit        Muxes := 1     
	   2 Input      1 Bit        Muxes := 3     
	   3 Input      1 Bit        Muxes := 4     
---------------------------------------------------------------------------------
Finished RTL Hierarchical Component Statistics
---------------------------------------------------------------------------------
---------------------------------------------------------------------------------
Start Part Resource Summary
---------------------------------------------------------------------------------
Part Resources:
DSPs: 740 (col length:100)
BRAMs: 730 (col length: RAMB18 100 RAMB36 50)
---------------------------------------------------------------------------------
Finished Part Resource Summary
---------------------------------------------------------------------------------
---------------------------------------------------------------------------------
Start Cross Boundary and Area Optimization
---------------------------------------------------------------------------------
Warning: Parallel synthesis criteria is not met 
INFO: [Synth 8-5544] ROM "clk_out" won't be mapped to Block RAM because address size (2) smaller than threshold (5)
INFO: [Synth 8-5546] ROM "bit_cnt" won't be mapped to RAM because it is too sparse
INFO: [Synth 8-5546] ROM "bit_cnt" won't be mapped to RAM because it is too sparse
INFO: [Synth 8-5546] ROM "state" won't be mapped to RAM because it is too sparse
INFO: [Synth 8-5546] ROM "es8388_Init/I2C_Init_Dev/i2c_control/i2c_bit_shift/state" won't be mapped to RAM because it is too sparse
INFO: [Synth 8-5546] ROM "es8388_Init/I2C_Init_Dev/i2c_control/i2c_bit_shift/Trans_Done" won't be mapped to RAM because it is too sparse
INFO: [Synth 8-5546] ROM "es8388_Init/I2C_Init_Dev/i2c_control/i2c_bit_shift/i2c_sdat_oe" won't be mapped to RAM because it is too sparse
INFO: [Synth 8-5546] ROM "es8388_Init/I2C_Init_Dev/i2c_control/i2c_bit_shift/Rx_DATA" won't be mapped to RAM because it is too sparse
INFO: [Synth 8-5546] ROM "es8388_Init/Init_en" won't be mapped to RAM because it is too sparse
INFO: [Synth 8-3886] merging instance 'es8388_Init/I2C_Init_Dev/es8388_init_table/q_reg[15]' (FD) to 'es8388_Init/I2C_Init_Dev/es8388_init_table/q_reg[14]'
INFO: [Synth 8-3333] propagating constant 0 across sequential element (\es8388_Init/I2C_Init_Dev/es8388_init_table/q_reg[14] )
INFO: [Synth 8-3886] merging instance 'es8388_Init/I2C_Init_Dev/i2c_control/cnt_reg[7]' (FDE) to 'es8388_Init/I2C_Init_Dev/i2c_control/cnt_reg[6]'
INFO: [Synth 8-3886] merging instance 'es8388_Init/I2C_Init_Dev/i2c_control/cnt_reg[6]' (FDE) to 'es8388_Init/I2C_Init_Dev/i2c_control/cnt_reg[5]'
INFO: [Synth 8-3886] merging instance 'es8388_Init/I2C_Init_Dev/i2c_control/cnt_reg[5]' (FDE) to 'es8388_Init/I2C_Init_Dev/i2c_control/cnt_reg[4]'
INFO: [Synth 8-3886] merging instance 'es8388_Init/I2C_Init_Dev/i2c_control/cnt_reg[4]' (FDE) to 'es8388_Init/I2C_Init_Dev/i2c_control/cnt_reg[3]'
INFO: [Synth 8-3333] propagating constant 0 across sequential element (\es8388_Init/I2C_Init_Dev/i2c_control/cnt_reg[3] )
INFO: [Synth 8-3886] merging instance 'es8388_Init/I2C_Init_Dev/i2c_control/Cmd_reg[2]' (FDCE) to 'es8388_Init/I2C_Init_Dev/i2c_control/Cmd_reg[4]'
INFO: [Synth 8-3333] propagating constant 0 across sequential element (\es8388_Init/I2C_Init_Dev/i2c_control/Cmd_reg[5] )
INFO: [Synth 8-3333] propagating constant 0 across sequential element (\es8388_Init/I2C_Init_Dev/i2c_control/i2c_bit_shift/state_reg[7] )
INFO: [Synth 8-3886] merging instance 'es8388_Init/I2C_Init_Dev/i2c_control/i2c_bit_shift/div_cnt_reg[19]' (FDC) to 'es8388_Init/I2C_Init_Dev/i2c_control/i2c_bit_shift/div_cnt_reg[18]'
INFO: [Synth 8-3886] merging instance 'es8388_Init/I2C_Init_Dev/i2c_control/i2c_bit_shift/div_cnt_reg[18]' (FDC) to 'es8388_Init/I2C_Init_Dev/i2c_control/i2c_bit_shift/div_cnt_reg[17]'
INFO: [Synth 8-3886] merging instance 'es8388_Init/I2C_Init_Dev/i2c_control/i2c_bit_shift/div_cnt_reg[17]' (FDC) to 'es8388_Init/I2C_Init_Dev/i2c_control/i2c_bit_shift/div_cnt_reg[16]'
INFO: [Synth 8-3886] merging instance 'es8388_Init/I2C_Init_Dev/i2c_control/i2c_bit_shift/div_cnt_reg[15]' (FDC) to 'es8388_Init/I2C_Init_Dev/i2c_control/i2c_bit_shift/div_cnt_reg[16]'
INFO: [Synth 8-3886] merging instance 'es8388_Init/I2C_Init_Dev/i2c_control/i2c_bit_shift/div_cnt_reg[16]' (FDC) to 'es8388_Init/I2C_Init_Dev/i2c_control/i2c_bit_shift/div_cnt_reg[14]'
INFO: [Synth 8-3886] merging instance 'es8388_Init/I2C_Init_Dev/i2c_control/i2c_bit_shift/div_cnt_reg[10]' (FDC) to 'es8388_Init/I2C_Init_Dev/i2c_control/i2c_bit_shift/div_cnt_reg[14]'
INFO: [Synth 8-3886] merging instance 'es8388_Init/I2C_Init_Dev/i2c_control/i2c_bit_shift/div_cnt_reg[11]' (FDC) to 'es8388_Init/I2C_Init_Dev/i2c_control/i2c_bit_shift/div_cnt_reg[14]'
INFO: [Synth 8-3886] merging instance 'es8388_Init/I2C_Init_Dev/i2c_control/i2c_bit_shift/div_cnt_reg[12]' (FDC) to 'es8388_Init/I2C_Init_Dev/i2c_control/i2c_bit_shift/div_cnt_reg[14]'
INFO: [Synth 8-3886] merging instance 'es8388_Init/I2C_Init_Dev/i2c_control/i2c_bit_shift/div_cnt_reg[13]' (FDC) to 'es8388_Init/I2C_Init_Dev/i2c_control/i2c_bit_shift/div_cnt_reg[14]'
INFO: [Synth 8-3886] merging instance 'es8388_Init/I2C_Init_Dev/i2c_control/i2c_bit_shift/div_cnt_reg[14]' (FDC) to 'es8388_Init/I2C_Init_Dev/i2c_control/i2c_bit_shift/div_cnt_reg[9]'
INFO: [Synth 8-3886] merging instance 'es8388_Init/I2C_Init_Dev/i2c_control/i2c_bit_shift/div_cnt_reg[8]' (FDC) to 'es8388_Init/I2C_Init_Dev/i2c_control/i2c_bit_shift/div_cnt_reg[9]'
INFO: [Synth 8-3886] merging instance 'es8388_Init/I2C_Init_Dev/i2c_control/i2c_bit_shift/div_cnt_reg[9]' (FDC) to 'es8388_Init/I2C_Init_Dev/i2c_control/i2c_bit_shift/div_cnt_reg[7]'
INFO: [Synth 8-3886] merging instance 'es8388_Init/I2C_Init_Dev/i2c_control/i2c_bit_shift/div_cnt_reg[7]' (FDC) to 'es8388_Init/I2C_Init_Dev/i2c_control/i2c_bit_shift/div_cnt_reg[6]'
INFO: [Synth 8-3886] merging instance 'es8388_Init/I2C_Init_Dev/i2c_control/i2c_bit_shift/div_cnt_reg[5]' (FDC) to 'es8388_Init/I2C_Init_Dev/i2c_control/i2c_bit_shift/div_cnt_reg[6]'
INFO: [Synth 8-3333] propagating constant 0 across sequential element (\es8388_Init/I2C_Init_Dev/i2c_control/i2c_bit_shift/div_cnt_reg[6] )
---------------------------------------------------------------------------------
Finished Cross Boundary and Area Optimization : Time (s): cpu = 00:00:01 ; elapsed = 00:00:09 . Memory (MB): peak = 925.629 ; gain = 528.984
---------------------------------------------------------------------------------
---------------------------------------------------------------------------------
Start ROM, RAM, DSP and Shift Register Reporting
---------------------------------------------------------------------------------

Block RAM: Preliminary Mapping  Report (see note below)
+------------+------------------+------------------------+---+---+------------------------+---+---+------------------+--------+--------+
|Module Name | RTL Object       | PORT A (Depth x Width) | W | R | PORT B (Depth x Width) | W | R | Ports driving FF | RAMB18 | RAMB36 | 
+------------+------------------+------------------------+---+---+------------------------+---+---+------------------+--------+--------+
|dpram:      | use_bram.ram_reg | 256 x 32(NO_CHANGE)    | W |   | 256 x 32(WRITE_FIRST)  |   | R | Port A and B     | 1      | 0      | 
|dpram:      | use_bram.ram_reg | 256 x 32(NO_CHANGE)    | W |   | 256 x 32(WRITE_FIRST)  |   | R | Port A and B     | 1      | 0      | 
+------------+------------------+------------------------+---+---+------------------------+---+---+------------------+--------+--------+

Note: The table above is a preliminary report that shows the Block RAMs at the current stage of the synthesis flow. Some Block RAMs may be reimplemented as non Block RAM primitives later in the synthesis flow. Multiple instantiated Block RAMs are reported only once. 
---------------------------------------------------------------------------------
Finished ROM, RAM, DSP and Shift Register Reporting
---------------------------------------------------------------------------------
INFO: [Synth 8-6837] The timing for the instance i2s_rx/i_0/adc_fifo/dpram_inst/use_bram.ram_reg (implemented as a Block RAM) might be sub-optimal as no optional output register could be merged into the block ram. Providing additional output register may help in improving timing.
INFO: [Synth 8-6837] The timing for the instance i2s_tx/i_0/dac_fifo/dpram_inst/use_bram.ram_reg (implemented as a Block RAM) might be sub-optimal as no optional output register could be merged into the block ram. Providing additional output register may help in improving timing.

Report RTL Partitions: 
+-+--------------+------------+----------+
| |RTL Partition |Replication |Instances |
+-+--------------+------------+----------+
+-+--------------+------------+----------+
---------------------------------------------------------------------------------
Start Applying XDC Timing Constraints
---------------------------------------------------------------------------------
INFO: [Synth 8-5578] Moved timing constraint from pin 'instance_name/clk_out1' to pin 'instance_name/bbstub_clk_out1/O'
INFO: [Synth 8-5819] Moved 1 constraints on hierarchical pins to their respective driving/loading pins
---------------------------------------------------------------------------------
Finished Applying XDC Timing Constraints : Time (s): cpu = 00:00:01 ; elapsed = 00:00:14 . Memory (MB): peak = 928.926 ; gain = 532.281
---------------------------------------------------------------------------------
---------------------------------------------------------------------------------
Start Timing Optimization
---------------------------------------------------------------------------------
---------------------------------------------------------------------------------
Finished Timing Optimization : Time (s): cpu = 00:00:01 ; elapsed = 00:00:14 . Memory (MB): peak = 929.445 ; gain = 532.801
---------------------------------------------------------------------------------
---------------------------------------------------------------------------------
Start ROM, RAM, DSP and Shift Register Reporting
---------------------------------------------------------------------------------

Block RAM: Final Mapping  Report
+------------+------------------+------------------------+---+---+------------------------+---+---+------------------+--------+--------+
|Module Name | RTL Object       | PORT A (Depth x Width) | W | R | PORT B (Depth x Width) | W | R | Ports driving FF | RAMB18 | RAMB36 | 
+------------+------------------+------------------------+---+---+------------------------+---+---+------------------+--------+--------+
|dpram:      | use_bram.ram_reg | 256 x 32(NO_CHANGE)    | W |   | 256 x 32(WRITE_FIRST)  |   | R | Port A and B     | 1      | 0      | 
|dpram:      | use_bram.ram_reg | 256 x 32(NO_CHANGE)    | W |   | 256 x 32(WRITE_FIRST)  |   | R | Port A and B     | 1      | 0      | 
+------------+------------------+------------------------+---+---+------------------------+---+---+------------------+--------+--------+

---------------------------------------------------------------------------------
Finished ROM, RAM, DSP and Shift Register Reporting
---------------------------------------------------------------------------------

Report RTL Partitions: 
+-+--------------+------------+----------+
| |RTL Partition |Replication |Instances |
+-+--------------+------------+----------+
+-+--------------+------------+----------+
---------------------------------------------------------------------------------
Start Technology Mapping
---------------------------------------------------------------------------------
INFO: [Synth 8-6837] The timing for the instance i2s_rx/adc_fifo/dpram_inst/use_bram.ram_reg (implemented as a Block RAM) might be sub-optimal as no optional output register could be merged into the block ram. Providing additional output register may help in improving timing.
INFO: [Synth 8-6837] The timing for the instance i2s_tx/dac_fifo/dpram_inst/use_bram.ram_reg (implemented as a Block RAM) might be sub-optimal as no optional output register could be merged into the block ram. Providing additional output register may help in improving timing.
---------------------------------------------------------------------------------
Finished Technology Mapping : Time (s): cpu = 00:00:01 ; elapsed = 00:00:14 . Memory (MB): peak = 951.316 ; gain = 554.672
---------------------------------------------------------------------------------

Report RTL Partitions: 
+-+--------------+------------+----------+
| |RTL Partition |Replication |Instances |
+-+--------------+------------+----------+
+-+--------------+------------+----------+
---------------------------------------------------------------------------------
Start IO Insertion
---------------------------------------------------------------------------------
---------------------------------------------------------------------------------
Start Flattening Before IO Insertion
---------------------------------------------------------------------------------
---------------------------------------------------------------------------------
Finished Flattening Before IO Insertion
---------------------------------------------------------------------------------
---------------------------------------------------------------------------------
Start Final Netlist Cleanup
---------------------------------------------------------------------------------
---------------------------------------------------------------------------------
Finished Final Netlist Cleanup
---------------------------------------------------------------------------------
WARNING: [Synth 8-5396] Clock pin C has keep related attribute (keep/mark_debug/dont_touch) which could create extra logic on its net [C:/Users/Administrator/Desktop/acx720_audio_loopback_slave/acx720_audio_loopback_slave/acx720_audio_loopback_slave.srcs/sources_1/new/clk_div4.v:13]
WARNING: [Synth 8-5396] Clock pin C has keep related attribute (keep/mark_debug/dont_touch) which could create extra logic on its net [C:/Users/Administrator/Desktop/acx720_audio_loopback_slave/acx720_audio_loopback_slave/src/top/audio_lookback.v:61]
WARNING: [Synth 8-5396] Clock pin C has keep related attribute (keep/mark_debug/dont_touch) which could create extra logic on its net [C:/Users/Administrator/Desktop/acx720_audio_loopback_slave/acx720_audio_loopback_slave/src/i2s/i2s_tx.v:47]
---------------------------------------------------------------------------------
Finished IO Insertion : Time (s): cpu = 00:00:01 ; elapsed = 00:00:14 . Memory (MB): peak = 951.316 ; gain = 554.672
---------------------------------------------------------------------------------

Report Check Netlist: 
+------+------------------+-------+---------+-------+------------------+
|      |Item              |Errors |Warnings |Status |Description       |
+------+------------------+-------+---------+-------+------------------+
|1     |multi_driven_nets |      0|        0|Passed |Multi driven nets |
+------+------------------+-------+---------+-------+------------------+
---------------------------------------------------------------------------------
Start Renaming Generated Instances
---------------------------------------------------------------------------------
---------------------------------------------------------------------------------
Finished Renaming Generated Instances : Time (s): cpu = 00:00:01 ; elapsed = 00:00:14 . Memory (MB): peak = 951.316 ; gain = 554.672
---------------------------------------------------------------------------------

Report RTL Partitions: 
+-+--------------+------------+----------+
| |RTL Partition |Replication |Instances |
+-+--------------+------------+----------+
+-+--------------+------------+----------+
---------------------------------------------------------------------------------
Start Rebuilding User Hierarchy
---------------------------------------------------------------------------------
---------------------------------------------------------------------------------
Finished Rebuilding User Hierarchy : Time (s): cpu = 00:00:01 ; elapsed = 00:00:14 . Memory (MB): peak = 951.316 ; gain = 554.672
---------------------------------------------------------------------------------
---------------------------------------------------------------------------------
Start Renaming Generated Ports
---------------------------------------------------------------------------------
---------------------------------------------------------------------------------
Finished Renaming Generated Ports : Time (s): cpu = 00:00:01 ; elapsed = 00:00:14 . Memory (MB): peak = 951.316 ; gain = 554.672
---------------------------------------------------------------------------------
---------------------------------------------------------------------------------
Start Handling Custom Attributes
---------------------------------------------------------------------------------
---------------------------------------------------------------------------------
Finished Handling Custom Attributes : Time (s): cpu = 00:00:01 ; elapsed = 00:00:14 . Memory (MB): peak = 951.316 ; gain = 554.672
---------------------------------------------------------------------------------
---------------------------------------------------------------------------------
Start Renaming Generated Nets
---------------------------------------------------------------------------------
---------------------------------------------------------------------------------
Finished Renaming Generated Nets : Time (s): cpu = 00:00:01 ; elapsed = 00:00:14 . Memory (MB): peak = 951.316 ; gain = 554.672
---------------------------------------------------------------------------------
---------------------------------------------------------------------------------
Start Writing Synthesis Report
---------------------------------------------------------------------------------

Report BlackBoxes: 
+------+--------------+----------+
|      |BlackBox name |Instances |
+------+--------------+----------+
|1     |ila_0         |         1|
|2     |clk_wiz_0     |         1|
+------+--------------+----------+

Report Cell Usage: 
+------+----------+------+
|      |Cell      |Count |
+------+----------+------+
|1     |clk_wiz_0 |     1|
|2     |ila_0     |     1|
|3     |BUFG      |     1|
|4     |CARRY4    |    13|
|5     |LUT1      |    12|
|6     |LUT2      |    72|
|7     |LUT3      |    40|
|8     |LUT4      |    46|
|9     |LUT5      |    52|
|10    |LUT6      |   173|
|11    |MUXF7     |     2|
|12    |RAMB18E1  |     2|
|13    |FDCE      |   277|
|14    |FDPE      |     9|
|15    |FDRE      |   191|
|16    |IBUF      |     3|
|17    |IOBUF     |     1|
|18    |OBUF      |     6|
+------+----------+------+

Report Instance Areas: 
+------+---------------------------+------------------+------+
|      |Instance                   |Module            |Cells |
+------+---------------------------+------------------+------+
|1     |top                        |                  |   902|
|2     |  clk_div4                 |clk_div4          |     7|
|3     |  i2s_rx                   |i2s_rx            |   314|
|4     |    adc_fifo               |async_fifo_0      |   171|
|5     |      async_fifo_ctrl_inst |async_fifo_ctrl_1 |   138|
|6     |      dpram_inst           |dpram_2           |     1|
|7     |  i2s_tx                   |i2s_tx            |   253|
|8     |    dac_fifo               |async_fifo        |   168|
|9     |      async_fifo_ctrl_inst |async_fifo_ctrl   |   135|
|10    |      dpram_inst           |dpram             |     1|
|11    |  es8388_Init              |es8388_Init       |   249|
|12    |    I2C_Init_Dev           |I2C_Init_Dev      |   220|
|13    |      es8388_init_table    |es8388_init_table |    48|
|14    |      i2c_control          |i2c_control       |   138|
|15    |        i2c_bit_shift      |i2c_bit_shift     |    98|
+------+---------------------------+------------------+------+
---------------------------------------------------------------------------------
Finished Writing Synthesis Report : Time (s): cpu = 00:00:01 ; elapsed = 00:00:14 . Memory (MB): peak = 951.316 ; gain = 554.672
---------------------------------------------------------------------------------
Synthesis finished with 0 errors, 0 critical warnings and 3 warnings.
Synthesis Optimization Runtime : Time (s): cpu = 00:00:01 ; elapsed = 00:00:10 . Memory (MB): peak = 951.316 ; gain = 174.934
Synthesis Optimization Complete : Time (s): cpu = 00:00:01 ; elapsed = 00:00:14 . Memory (MB): peak = 951.316 ; gain = 554.672
INFO: [Project 1-571] Translating synthesized netlist
INFO: [Netlist 29-17] Analyzing 18 Unisim elements for replacement
INFO: [Netlist 29-28] Unisim Transformation completed in 0 CPU seconds
INFO: [Project 1-570] Preparing netlist for logic optimization
INFO: [Opt 31-138] Pushed 0 inverter(s) to 0 load pin(s).
Netlist sorting complete. Time (s): cpu = 00:00:00 ; elapsed = 00:00:00.001 . Memory (MB): peak = 953.277 ; gain = 0.000
INFO: [Project 1-111] Unisim Transformation Summary:
  A total of 1 instances were transformed.
  IOBUF => IOBUF (IBUF, OBUFT): 1 instances

INFO: [Common 17-83] Releasing license: Synthesis
141 Infos, 150 Warnings, 0 Critical Warnings and 0 Errors encountered.
synth_design completed successfully
synth_design: Time (s): cpu = 00:00:01 ; elapsed = 00:00:16 . Memory (MB): peak = 953.277 ; gain = 558.391
Netlist sorting complete. Time (s): cpu = 00:00:00 ; elapsed = 00:00:00 . Memory (MB): peak = 953.277 ; gain = 0.000
WARNING: [Constraints 18-5210] No constraints selected for write.
Resolution: This message can indicate that there are no constraints for the design, or it can indicate that the used_in flags are set such that the constraints are ignored. This later case is used when running synth_design to not write synthesis constraints to the resulting checkpoint. Instead, project constraints are read when the synthesized design is opened.
INFO: [Common 17-1381] The checkpoint 'C:/Users/Administrator/Desktop/acx720_audio_loopback_slave/acx720_audio_loopback_slave/acx720_audio_loopback_slave.runs/synth_1/audio_lookback.dcp' has been generated.
INFO: [runtcl-4] Executing : report_utilization -file audio_lookback_utilization_synth.rpt -pb audio_lookback_utilization_synth.pb
INFO: [Common 17-206] Exiting Vivado at Wed Oct 15 09:49:38 2025...
